

================================================================
== Vivado HLS Report for 'mmult_hw'
================================================================
* Date:           Sat Apr  9 11:38:19 2022

* Version:        2018.3 (Build 2405991 on Thu Dec 06 23:56:15 MST 2018)
* Project:        hls_mmult_prj
* Solution:       solution2
* Product family: zynq
* Target device:  xc7z020clg484-1


================================================================
== Performance Estimates
================================================================
+ Timing (ns): 
    * Summary: 
    +--------+-------+----------+------------+
    |  Clock | Target| Estimated| Uncertainty|
    +--------+-------+----------+------------+
    |ap_clk  |  10.00|     9.634|        1.25|
    +--------+-------+----------+------------+

+ Latency (clock cycles): 
    * Summary: 
    +------+------+------+------+---------+
    |   Latency   |   Interval  | Pipeline|
    |  min |  max |  min |  max |   Type  |
    +------+------+------+------+---------+
    |  5336|  5336|  5336|  5336|   none  |
    +------+------+------+------+---------+

    + Detail: 
        * Instance: 
        N/A

        * Loop: 
        +----------+------+------+----------+-----------+-----------+------+----------+
        |          |   Latency   | Iteration|  Initiation Interval  | Trip |          |
        | Loop Name|  min |  max |  Latency |  achieved |   target  | Count| Pipelined|
        +----------+------+------+----------+-----------+-----------+------+----------+
        |- L1_L2   |  5334|  5334|         7|          1|          1|  5329|    yes   |
        +----------+------+------+----------+-----------+-----------+------+----------+



================================================================
== Utilization Estimates
================================================================
* Summary: 
+-----------------+---------+-------+--------+-------+
|       Name      | BRAM_18K| DSP48E|   FF   |  LUT  |
+-----------------+---------+-------+--------+-------+
|DSP              |        -|      1|       -|      -|
|Expression       |        -|    219|       0|   3993|
|FIFO             |        -|      -|       -|      -|
|Instance         |        -|      -|       -|      -|
|Memory           |        -|      -|       -|      -|
|Multiplexer      |        -|      -|       -|     75|
|Register         |        0|      -|    8112|     96|
+-----------------+---------+-------+--------+-------+
|Total            |        0|    220|    8112|   4164|
+-----------------+---------+-------+--------+-------+
|Available        |      280|    220|  106400|  53200|
+-----------------+---------+-------+--------+-------+
|Utilization (%)  |        0|    100|       7|      7|
+-----------------+---------+-------+--------+-------+

+ Detail: 
    * Instance: 
    N/A

    * DSP48: 
    +-------------------------+----------------------+--------------+
    |         Instance        |        Module        |  Expression  |
    +-------------------------+----------------------+--------------+
    |mmult_hw_mac_mulabkb_U1  |mmult_hw_mac_mulabkb  | i0 * i1 + i2 |
    +-------------------------+----------------------+--------------+

    * Memory: 
    N/A

    * FIFO: 
    N/A

    * Expression: 
    +--------------------------------+----------+-------+---+----+------------+------------+
    |          Variable Name         | Operation| DSP48E| FF| LUT| Bitwidth P0| Bitwidth P1|
    +--------------------------------+----------+-------+---+----+------------+------------+
    |tmp_5_10_fu_2384_p2             |     *    |      3|  0|  20|          32|          32|
    |tmp_5_11_fu_2388_p2             |     *    |      3|  0|  20|          32|          32|
    |tmp_5_12_fu_2392_p2             |     *    |      3|  0|  20|          32|          32|
    |tmp_5_13_fu_2396_p2             |     *    |      3|  0|  20|          32|          32|
    |tmp_5_14_fu_2400_p2             |     *    |      3|  0|  20|          32|          32|
    |tmp_5_15_fu_2404_p2             |     *    |      3|  0|  20|          32|          32|
    |tmp_5_16_fu_2408_p2             |     *    |      3|  0|  20|          32|          32|
    |tmp_5_17_fu_2412_p2             |     *    |      3|  0|  20|          32|          32|
    |tmp_5_18_fu_2416_p2             |     *    |      3|  0|  20|          32|          32|
    |tmp_5_19_fu_2420_p2             |     *    |      3|  0|  20|          32|          32|
    |tmp_5_1_fu_2344_p2              |     *    |      3|  0|  20|          32|          32|
    |tmp_5_20_fu_2424_p2             |     *    |      3|  0|  20|          32|          32|
    |tmp_5_21_fu_2428_p2             |     *    |      3|  0|  20|          32|          32|
    |tmp_5_22_fu_2432_p2             |     *    |      3|  0|  20|          32|          32|
    |tmp_5_23_fu_2436_p2             |     *    |      3|  0|  20|          32|          32|
    |tmp_5_24_fu_2440_p2             |     *    |      3|  0|  20|          32|          32|
    |tmp_5_25_fu_2444_p2             |     *    |      3|  0|  20|          32|          32|
    |tmp_5_26_fu_2448_p2             |     *    |      3|  0|  20|          32|          32|
    |tmp_5_27_fu_2452_p2             |     *    |      3|  0|  20|          32|          32|
    |tmp_5_28_fu_2456_p2             |     *    |      3|  0|  20|          32|          32|
    |tmp_5_29_fu_2460_p2             |     *    |      3|  0|  20|          32|          32|
    |tmp_5_2_fu_2348_p2              |     *    |      3|  0|  20|          32|          32|
    |tmp_5_30_fu_2464_p2             |     *    |      3|  0|  20|          32|          32|
    |tmp_5_31_fu_2468_p2             |     *    |      3|  0|  20|          32|          32|
    |tmp_5_32_fu_2472_p2             |     *    |      3|  0|  20|          32|          32|
    |tmp_5_33_fu_2476_p2             |     *    |      3|  0|  20|          32|          32|
    |tmp_5_34_fu_2480_p2             |     *    |      3|  0|  20|          32|          32|
    |tmp_5_35_fu_2484_p2             |     *    |      3|  0|  20|          32|          32|
    |tmp_5_36_fu_2488_p2             |     *    |      3|  0|  20|          32|          32|
    |tmp_5_37_fu_2492_p2             |     *    |      3|  0|  20|          32|          32|
    |tmp_5_38_fu_2496_p2             |     *    |      3|  0|  20|          32|          32|
    |tmp_5_39_fu_2500_p2             |     *    |      3|  0|  20|          32|          32|
    |tmp_5_3_fu_2352_p2              |     *    |      3|  0|  20|          32|          32|
    |tmp_5_40_fu_2504_p2             |     *    |      3|  0|  20|          32|          32|
    |tmp_5_41_fu_2508_p2             |     *    |      3|  0|  20|          32|          32|
    |tmp_5_42_fu_2512_p2             |     *    |      3|  0|  20|          32|          32|
    |tmp_5_43_fu_2516_p2             |     *    |      3|  0|  20|          32|          32|
    |tmp_5_44_fu_2520_p2             |     *    |      3|  0|  20|          32|          32|
    |tmp_5_45_fu_2524_p2             |     *    |      3|  0|  20|          32|          32|
    |tmp_5_46_fu_2616_p2             |     *    |      3|  0|  20|          32|          32|
    |tmp_5_47_fu_2620_p2             |     *    |      3|  0|  20|          32|          32|
    |tmp_5_48_fu_2528_p2             |     *    |      3|  0|  20|          32|          32|
    |tmp_5_49_fu_2532_p2             |     *    |      3|  0|  20|          32|          32|
    |tmp_5_4_fu_2356_p2              |     *    |      3|  0|  20|          32|          32|
    |tmp_5_50_fu_2624_p2             |     *    |      3|  0|  20|          32|          32|
    |tmp_5_51_fu_2536_p2             |     *    |      3|  0|  20|          32|          32|
    |tmp_5_52_fu_2540_p2             |     *    |      3|  0|  20|          32|          32|
    |tmp_5_53_fu_2544_p2             |     *    |      3|  0|  20|          32|          32|
    |tmp_5_54_fu_2548_p2             |     *    |      3|  0|  20|          32|          32|
    |tmp_5_55_fu_2552_p2             |     *    |      3|  0|  20|          32|          32|
    |tmp_5_56_fu_2556_p2             |     *    |      3|  0|  20|          32|          32|
    |tmp_5_57_fu_2560_p2             |     *    |      3|  0|  20|          32|          32|
    |tmp_5_58_fu_2564_p2             |     *    |      3|  0|  20|          32|          32|
    |tmp_5_59_fu_2568_p2             |     *    |      3|  0|  20|          32|          32|
    |tmp_5_5_fu_2360_p2              |     *    |      3|  0|  20|          32|          32|
    |tmp_5_60_fu_2572_p2             |     *    |      3|  0|  20|          32|          32|
    |tmp_5_61_fu_2576_p2             |     *    |      3|  0|  20|          32|          32|
    |tmp_5_62_fu_2580_p2             |     *    |      3|  0|  20|          32|          32|
    |tmp_5_63_fu_2584_p2             |     *    |      3|  0|  20|          32|          32|
    |tmp_5_64_fu_2628_p2             |     *    |      3|  0|  20|          32|          32|
    |tmp_5_65_fu_2588_p2             |     *    |      3|  0|  20|          32|          32|
    |tmp_5_66_fu_2592_p2             |     *    |      3|  0|  20|          32|          32|
    |tmp_5_67_fu_2596_p2             |     *    |      3|  0|  20|          32|          32|
    |tmp_5_68_fu_2600_p2             |     *    |      3|  0|  20|          32|          32|
    |tmp_5_69_fu_2632_p2             |     *    |      3|  0|  20|          32|          32|
    |tmp_5_6_fu_2364_p2              |     *    |      3|  0|  20|          32|          32|
    |tmp_5_70_fu_2604_p2             |     *    |      3|  0|  20|          32|          32|
    |tmp_5_71_fu_2608_p2             |     *    |      3|  0|  20|          32|          32|
    |tmp_5_7_fu_2368_p2              |     *    |      3|  0|  20|          32|          32|
    |tmp_5_8_fu_2372_p2              |     *    |      3|  0|  20|          32|          32|
    |tmp_5_9_fu_2376_p2              |     *    |      3|  0|  20|          32|          32|
    |tmp_5_fu_2340_p2                |     *    |      3|  0|  20|          32|          32|
    |tmp_5_s_fu_2380_p2              |     *    |      3|  0|  20|          32|          32|
    |ia_1_fu_2294_p2                 |     +    |      0|  0|  15|           7|           1|
    |ib_1_fu_2334_p2                 |     +    |      0|  0|  15|           7|           1|
    |indvar_flatten_next_fu_2288_p2  |     +    |      0|  0|  17|          13|           1|
    |out_r_d0                        |     +    |      0|  0|  32|          32|          32|
    |tmp10_fu_2649_p2                |     +    |      0|  0|  32|          32|          32|
    |tmp11_fu_2839_p2                |     +    |      0|  0|  32|          32|          32|
    |tmp12_fu_2678_p2                |     +    |      0|  0|  32|          32|          32|
    |tmp13_fu_2670_p2                |     +    |      0|  0|  39|          32|          32|
    |tmp14_fu_2674_p2                |     +    |      0|  0|  32|          32|          32|
    |tmp15_fu_2697_p2                |     +    |      0|  0|  32|          32|          32|
    |tmp16_fu_2684_p2                |     +    |      0|  0|  39|          32|          32|
    |tmp17_fu_2692_p2                |     +    |      0|  0|  32|          32|          32|
    |tmp18_fu_2688_p2                |     +    |      0|  0|  39|          32|          32|
    |tmp19_fu_2866_p2                |     +    |      0|  0|  32|          32|          32|
    |tmp1_fu_2872_p2                 |     +    |      0|  0|  32|          32|          32|
    |tmp20_fu_2852_p2                |     +    |      0|  0|  32|          32|          32|
    |tmp21_fu_2711_p2                |     +    |      0|  0|  32|          32|          32|
    |tmp22_fu_2703_p2                |     +    |      0|  0|  39|          32|          32|
    |tmp23_fu_2707_p2                |     +    |      0|  0|  32|          32|          32|
    |tmp24_fu_2848_p2                |     +    |      0|  0|  32|          32|          32|
    |tmp25_fu_2717_p2                |     +    |      0|  0|  39|          32|          32|
    |tmp26_fu_2725_p2                |     +    |      0|  0|  32|          32|          32|
    |tmp27_fu_2721_p2                |     +    |      0|  0|  32|          32|          32|
    |tmp28_fu_2861_p2                |     +    |      0|  0|  32|          32|          32|
    |tmp29_fu_2738_p2                |     +    |      0|  0|  32|          32|          32|
    |tmp2_fu_2843_p2                 |     +    |      0|  0|  32|          32|          32|
    |tmp30_fu_2730_p2                |     +    |      0|  0|  39|          32|          32|
    |tmp31_fu_2734_p2                |     +    |      0|  0|  32|          32|          32|
    |tmp32_fu_2857_p2                |     +    |      0|  0|  32|          32|          32|
    |tmp33_fu_2744_p2                |     +    |      0|  0|  39|          32|          32|
    |tmp34_fu_2752_p2                |     +    |      0|  0|  32|          32|          32|
    |tmp35_fu_2748_p2                |     +    |      0|  0|  32|          32|          32|
    |tmp36_fu_2966_p2                |     +    |      0|  0|  32|          32|          32|
    |tmp37_fu_2911_p2                |     +    |      0|  0|  32|          32|          32|
    |tmp38_fu_2882_p2                |     +    |      0|  0|  32|          32|          32|
    |tmp39_fu_2765_p2                |     +    |      0|  0|  32|          32|          32|
    |tmp3_fu_2664_p2                 |     +    |      0|  0|  32|          32|          32|
    |tmp40_fu_2757_p2                |     +    |      0|  0|  39|          32|          32|
    |tmp41_fu_2761_p2                |     +    |      0|  0|  32|          32|          32|
    |tmp42_fu_2878_p2                |     +    |      0|  0|  32|          32|          32|
    |tmp43_fu_2771_p2                |     +    |      0|  0|  39|          32|          32|
    |tmp44_fu_2779_p2                |     +    |      0|  0|  32|          32|          32|
    |tmp45_fu_2775_p2                |     +    |      0|  0|  32|          32|          32|
    |tmp46_fu_2905_p2                |     +    |      0|  0|  32|          32|          32|
    |tmp47_fu_2891_p2                |     +    |      0|  0|  32|          32|          32|
    |tmp48_fu_2784_p2                |     +    |      0|  0|  39|          32|          32|
    |tmp49_fu_2887_p2                |     +    |      0|  0|  32|          32|          32|
    |tmp4_fu_2640_p2                 |     +    |      0|  0|  32|          32|          32|
    |tmp50_fu_2900_p2                |     +    |      0|  0|  32|          32|          32|
    |tmp51_fu_2788_p2                |     +    |      0|  0|  39|          32|          32|
    |tmp52_fu_2896_p2                |     +    |      0|  0|  32|          32|          32|
    |tmp53_fu_2792_p2                |     +    |      0|  0|  39|          32|          32|
    |tmp54_fu_2950_p2                |     +    |      0|  0|  32|          32|          32|
    |tmp55_fu_2921_p2                |     +    |      0|  0|  32|          32|          32|
    |tmp56_fu_2804_p2                |     +    |      0|  0|  32|          32|          32|
    |tmp57_fu_2796_p2                |     +    |      0|  0|  39|          32|          32|
    |tmp58_fu_2800_p2                |     +    |      0|  0|  32|          32|          32|
    |tmp59_fu_2917_p2                |     +    |      0|  0|  32|          32|          32|
    |tmp5_fu_2612_p2                 |     +    |      0|  0|  39|          32|          32|
    |tmp60_fu_2810_p2                |     +    |      0|  0|  39|          32|          32|
    |tmp61_fu_2818_p2                |     +    |      0|  0|  32|          32|          32|
    |tmp62_fu_2814_p2                |     +    |      0|  0|  32|          32|          32|
    |tmp63_fu_2944_p2                |     +    |      0|  0|  32|          32|          32|
    |tmp64_fu_2930_p2                |     +    |      0|  0|  32|          32|          32|
    |tmp65_fu_2823_p2                |     +    |      0|  0|  39|          32|          32|
    |tmp66_fu_2926_p2                |     +    |      0|  0|  32|          32|          32|
    |tmp67_fu_2827_p2                |     +    |      0|  0|  39|          32|          32|
    |tmp68_fu_2939_p2                |     +    |      0|  0|  32|          32|          32|
    |tmp69_fu_2831_p2                |     +    |      0|  0|  39|          32|          32|
    |tmp6_fu_2636_p2                 |     +    |      0|  0|  32|          32|          32|
    |tmp70_fu_2935_p2                |     +    |      0|  0|  32|          32|          32|
    |tmp71_fu_2835_p2                |     +    |      0|  0|  39|          32|          32|
    |tmp7_fu_2658_p2                 |     +    |      0|  0|  32|          32|          32|
    |tmp8_fu_2645_p2                 |     +    |      0|  0|  39|          32|          32|
    |tmp9_fu_2653_p2                 |     +    |      0|  0|  32|          32|          32|
    |exitcond_flatten_fu_2282_p2     |   icmp   |      0|  0|  13|          13|          13|
    |exitcond_fu_2300_p2             |   icmp   |      0|  0|  11|           7|           7|
    |ib_mid2_fu_2306_p3              |  select  |      0|  0|   7|           1|           1|
    |tmp_mid2_v_fu_2314_p3           |  select  |      0|  0|   7|           1|           7|
    |ap_enable_pp0                   |    xor   |      0|  0|   2|           1|           2|
    |ap_enable_reg_pp0_iter1         |    xor   |      0|  0|   2|           2|           1|
    +--------------------------------+----------+-------+---+----+------------+------------+
    |Total                           |          |    219|  0|3993|        4692|        4674|
    +--------------------------------+----------+-------+---+----+------------+------------+

    * Multiplexer: 
    +------------------------------+----+-----------+-----+-----------+
    |             Name             | LUT| Input Size| Bits| Total Bits|
    +------------------------------+----+-----------+-----+-----------+
    |ap_NS_fsm                     |  21|          4|    1|          4|
    |ap_enable_reg_pp0_iter1       |   9|          2|    1|          2|
    |ap_enable_reg_pp0_iter6       |   9|          2|    1|          2|
    |ap_phi_mux_ia_phi_fu_2264_p4  |   9|          2|    7|         14|
    |ia_reg_2260                   |   9|          2|    7|         14|
    |ib_reg_2271                   |   9|          2|    7|         14|
    |indvar_flatten_reg_2249       |   9|          2|   13|         26|
    +------------------------------+----+-----------+-----+-----------+
    |Total                         |  75|         16|   37|         76|
    +------------------------------+----+-----------+-----+-----------+

    * Register: 
    +---------------------------------+----+----+-----+-----------+
    |               Name              | FF | LUT| Bits| Const Bits|
    +---------------------------------+----+----+-----+-----------+
    |a_0_load_reg_3180                |  32|   0|   32|          0|
    |a_10_load_reg_3950               |  32|   0|   32|          0|
    |a_11_load_reg_3960               |  32|   0|   32|          0|
    |a_12_load_reg_3970               |  32|   0|   32|          0|
    |a_13_load_reg_3980               |  32|   0|   32|          0|
    |a_14_load_reg_3990               |  32|   0|   32|          0|
    |a_15_load_reg_4000               |  32|   0|   32|          0|
    |a_16_load_reg_4010               |  32|   0|   32|          0|
    |a_17_load_reg_4020               |  32|   0|   32|          0|
    |a_18_load_reg_4030               |  32|   0|   32|          0|
    |a_19_load_reg_4040               |  32|   0|   32|          0|
    |a_1_load_reg_3190                |  32|   0|   32|          0|
    |a_20_load_reg_4050               |  32|   0|   32|          0|
    |a_21_load_reg_4060               |  32|   0|   32|          0|
    |a_22_load_reg_4070               |  32|   0|   32|          0|
    |a_23_load_reg_4080               |  32|   0|   32|          0|
    |a_24_load_reg_4090               |  32|   0|   32|          0|
    |a_25_load_reg_4100               |  32|   0|   32|          0|
    |a_26_load_reg_4110               |  32|   0|   32|          0|
    |a_27_load_reg_4120               |  32|   0|   32|          0|
    |a_28_load_reg_4130               |  32|   0|   32|          0|
    |a_29_load_reg_4140               |  32|   0|   32|          0|
    |a_2_load_reg_3870                |  32|   0|   32|          0|
    |a_30_load_reg_4150               |  32|   0|   32|          0|
    |a_31_load_reg_4160               |  32|   0|   32|          0|
    |a_32_load_reg_4170               |  32|   0|   32|          0|
    |a_33_load_reg_4180               |  32|   0|   32|          0|
    |a_34_load_reg_4190               |  32|   0|   32|          0|
    |a_35_load_reg_4200               |  32|   0|   32|          0|
    |a_36_load_reg_4210               |  32|   0|   32|          0|
    |a_37_load_reg_4220               |  32|   0|   32|          0|
    |a_38_load_reg_4230               |  32|   0|   32|          0|
    |a_39_load_reg_4240               |  32|   0|   32|          0|
    |a_3_load_reg_3880                |  32|   0|   32|          0|
    |a_40_load_reg_4250               |  32|   0|   32|          0|
    |a_41_load_reg_4260               |  32|   0|   32|          0|
    |a_42_load_reg_4270               |  32|   0|   32|          0|
    |a_43_load_reg_4280               |  32|   0|   32|          0|
    |a_44_load_reg_4290               |  32|   0|   32|          0|
    |a_45_load_reg_4300               |  32|   0|   32|          0|
    |a_46_load_reg_4310               |  32|   0|   32|          0|
    |a_47_load_reg_4805               |  32|   0|   32|          0|
    |a_48_load_reg_4815               |  32|   0|   32|          0|
    |a_49_load_reg_4340               |  32|   0|   32|          0|
    |a_4_load_reg_3890                |  32|   0|   32|          0|
    |a_50_load_reg_4350               |  32|   0|   32|          0|
    |a_51_load_reg_4835               |  32|   0|   32|          0|
    |a_52_load_reg_4370               |  32|   0|   32|          0|
    |a_53_load_reg_4380               |  32|   0|   32|          0|
    |a_54_load_reg_4390               |  32|   0|   32|          0|
    |a_55_load_reg_4400               |  32|   0|   32|          0|
    |a_56_load_reg_4410               |  32|   0|   32|          0|
    |a_57_load_reg_4420               |  32|   0|   32|          0|
    |a_58_load_reg_4430               |  32|   0|   32|          0|
    |a_59_load_reg_4440               |  32|   0|   32|          0|
    |a_5_load_reg_3900                |  32|   0|   32|          0|
    |a_60_load_reg_4450               |  32|   0|   32|          0|
    |a_61_load_reg_4460               |  32|   0|   32|          0|
    |a_62_load_reg_4470               |  32|   0|   32|          0|
    |a_63_load_reg_4480               |  32|   0|   32|          0|
    |a_64_load_reg_4490               |  32|   0|   32|          0|
    |a_65_load_reg_4910               |  32|   0|   32|          0|
    |a_66_load_reg_4510               |  32|   0|   32|          0|
    |a_67_load_reg_4520               |  32|   0|   32|          0|
    |a_68_load_reg_4530               |  32|   0|   32|          0|
    |a_69_load_reg_4540               |  32|   0|   32|          0|
    |a_6_load_reg_3910                |  32|   0|   32|          0|
    |a_70_load_reg_4940               |  32|   0|   32|          0|
    |a_71_load_reg_4560               |  32|   0|   32|          0|
    |a_72_load_reg_4570               |  32|   0|   32|          0|
    |a_7_load_reg_3920                |  32|   0|   32|          0|
    |a_8_load_reg_3930                |  32|   0|   32|          0|
    |a_9_load_reg_3940                |  32|   0|   32|          0|
    |ap_CS_fsm                        |   3|   0|    3|          0|
    |ap_enable_reg_pp0_iter0          |   1|   0|    1|          0|
    |ap_enable_reg_pp0_iter1          |   1|   0|    1|          0|
    |ap_enable_reg_pp0_iter2          |   1|   0|    1|          0|
    |ap_enable_reg_pp0_iter3          |   1|   0|    1|          0|
    |ap_enable_reg_pp0_iter4          |   1|   0|    1|          0|
    |ap_enable_reg_pp0_iter5          |   1|   0|    1|          0|
    |ap_enable_reg_pp0_iter6          |   1|   0|    1|          0|
    |b_0_load_reg_3185                |  32|   0|   32|          0|
    |b_10_load_reg_3955               |  32|   0|   32|          0|
    |b_11_load_reg_3965               |  32|   0|   32|          0|
    |b_12_load_reg_3975               |  32|   0|   32|          0|
    |b_13_load_reg_3985               |  32|   0|   32|          0|
    |b_14_load_reg_3995               |  32|   0|   32|          0|
    |b_15_load_reg_4005               |  32|   0|   32|          0|
    |b_16_load_reg_4015               |  32|   0|   32|          0|
    |b_17_load_reg_4025               |  32|   0|   32|          0|
    |b_18_load_reg_4035               |  32|   0|   32|          0|
    |b_19_load_reg_4045               |  32|   0|   32|          0|
    |b_1_load_reg_3195                |  32|   0|   32|          0|
    |b_20_load_reg_4055               |  32|   0|   32|          0|
    |b_21_load_reg_4065               |  32|   0|   32|          0|
    |b_22_load_reg_4075               |  32|   0|   32|          0|
    |b_23_load_reg_4085               |  32|   0|   32|          0|
    |b_24_load_reg_4095               |  32|   0|   32|          0|
    |b_25_load_reg_4105               |  32|   0|   32|          0|
    |b_26_load_reg_4115               |  32|   0|   32|          0|
    |b_27_load_reg_4125               |  32|   0|   32|          0|
    |b_28_load_reg_4135               |  32|   0|   32|          0|
    |b_29_load_reg_4145               |  32|   0|   32|          0|
    |b_2_load_reg_3875                |  32|   0|   32|          0|
    |b_30_load_reg_4155               |  32|   0|   32|          0|
    |b_31_load_reg_4165               |  32|   0|   32|          0|
    |b_32_load_reg_4175               |  32|   0|   32|          0|
    |b_33_load_reg_4185               |  32|   0|   32|          0|
    |b_34_load_reg_4195               |  32|   0|   32|          0|
    |b_35_load_reg_4205               |  32|   0|   32|          0|
    |b_36_load_reg_4215               |  32|   0|   32|          0|
    |b_37_load_reg_4225               |  32|   0|   32|          0|
    |b_38_load_reg_4235               |  32|   0|   32|          0|
    |b_39_load_reg_4245               |  32|   0|   32|          0|
    |b_3_load_reg_3885                |  32|   0|   32|          0|
    |b_40_load_reg_4255               |  32|   0|   32|          0|
    |b_41_load_reg_4265               |  32|   0|   32|          0|
    |b_42_load_reg_4275               |  32|   0|   32|          0|
    |b_43_load_reg_4285               |  32|   0|   32|          0|
    |b_44_load_reg_4295               |  32|   0|   32|          0|
    |b_45_load_reg_4305               |  32|   0|   32|          0|
    |b_46_load_reg_4315               |  32|   0|   32|          0|
    |b_47_load_reg_4810               |  32|   0|   32|          0|
    |b_48_load_reg_4820               |  32|   0|   32|          0|
    |b_49_load_reg_4345               |  32|   0|   32|          0|
    |b_4_load_reg_3895                |  32|   0|   32|          0|
    |b_50_load_reg_4355               |  32|   0|   32|          0|
    |b_51_load_reg_4840               |  32|   0|   32|          0|
    |b_52_load_reg_4375               |  32|   0|   32|          0|
    |b_53_load_reg_4385               |  32|   0|   32|          0|
    |b_54_load_reg_4395               |  32|   0|   32|          0|
    |b_55_load_reg_4405               |  32|   0|   32|          0|
    |b_56_load_reg_4415               |  32|   0|   32|          0|
    |b_57_load_reg_4425               |  32|   0|   32|          0|
    |b_58_load_reg_4435               |  32|   0|   32|          0|
    |b_59_load_reg_4445               |  32|   0|   32|          0|
    |b_5_load_reg_3905                |  32|   0|   32|          0|
    |b_60_load_reg_4455               |  32|   0|   32|          0|
    |b_61_load_reg_4465               |  32|   0|   32|          0|
    |b_62_load_reg_4475               |  32|   0|   32|          0|
    |b_63_load_reg_4485               |  32|   0|   32|          0|
    |b_64_load_reg_4495               |  32|   0|   32|          0|
    |b_65_load_reg_4915               |  32|   0|   32|          0|
    |b_66_load_reg_4515               |  32|   0|   32|          0|
    |b_67_load_reg_4525               |  32|   0|   32|          0|
    |b_68_load_reg_4535               |  32|   0|   32|          0|
    |b_69_load_reg_4545               |  32|   0|   32|          0|
    |b_6_load_reg_3915                |  32|   0|   32|          0|
    |b_70_load_reg_4945               |  32|   0|   32|          0|
    |b_71_load_reg_4565               |  32|   0|   32|          0|
    |b_72_load_reg_4575               |  32|   0|   32|          0|
    |b_7_load_reg_3925                |  32|   0|   32|          0|
    |b_8_load_reg_3935                |  32|   0|   32|          0|
    |b_9_load_reg_3945                |  32|   0|   32|          0|
    |exitcond_flatten_reg_2985        |   1|   0|    1|          0|
    |ia_reg_2260                      |   7|   0|    7|          0|
    |ib_mid2_reg_2994                 |   7|   0|    7|          0|
    |ib_reg_2271                      |   7|   0|    7|          0|
    |indvar_flatten_reg_2249          |  13|   0|   13|          0|
    |tmp12_reg_4995                   |  32|   0|   32|          0|
    |tmp15_reg_5000                   |  32|   0|   32|          0|
    |tmp1_reg_5100                    |  32|   0|   32|          0|
    |tmp21_reg_5005                   |  32|   0|   32|          0|
    |tmp25_reg_5010                   |  32|   0|   32|          0|
    |tmp26_reg_5015                   |  32|   0|   32|          0|
    |tmp29_reg_5020                   |  32|   0|   32|          0|
    |tmp33_reg_5025                   |  32|   0|   32|          0|
    |tmp34_reg_5030                   |  32|   0|   32|          0|
    |tmp37_reg_5105                   |  32|   0|   32|          0|
    |tmp39_reg_5035                   |  32|   0|   32|          0|
    |tmp3_reg_4990                    |  32|   0|   32|          0|
    |tmp43_reg_5040                   |  32|   0|   32|          0|
    |tmp44_reg_5045                   |  32|   0|   32|          0|
    |tmp48_reg_5050                   |  32|   0|   32|          0|
    |tmp51_reg_5055                   |  32|   0|   32|          0|
    |tmp53_reg_5060                   |  32|   0|   32|          0|
    |tmp54_reg_5110                   |  32|   0|   32|          0|
    |tmp56_reg_5065                   |  32|   0|   32|          0|
    |tmp5_reg_4960                    |  32|   0|   32|          0|
    |tmp60_reg_5070                   |  32|   0|   32|          0|
    |tmp61_reg_5075                   |  32|   0|   32|          0|
    |tmp65_reg_5080                   |  32|   0|   32|          0|
    |tmp67_reg_5085                   |  32|   0|   32|          0|
    |tmp69_reg_5090                   |  32|   0|   32|          0|
    |tmp71_reg_5095                   |  32|   0|   32|          0|
    |tmp_2_reg_3080                   |   7|   0|   64|         57|
    |tmp_2_reg_3080_pp0_iter1_reg     |   7|   0|   64|         57|
    |tmp_5_10_reg_4625                |  32|   0|   32|          0|
    |tmp_5_11_reg_4630                |  32|   0|   32|          0|
    |tmp_5_12_reg_4635                |  32|   0|   32|          0|
    |tmp_5_13_reg_4640                |  32|   0|   32|          0|
    |tmp_5_14_reg_4645                |  32|   0|   32|          0|
    |tmp_5_15_reg_4650                |  32|   0|   32|          0|
    |tmp_5_16_reg_4655                |  32|   0|   32|          0|
    |tmp_5_17_reg_4660                |  32|   0|   32|          0|
    |tmp_5_18_reg_4665                |  32|   0|   32|          0|
    |tmp_5_19_reg_4670                |  32|   0|   32|          0|
    |tmp_5_1_reg_3865                 |  32|   0|   32|          0|
    |tmp_5_20_reg_4675                |  32|   0|   32|          0|
    |tmp_5_21_reg_4680                |  32|   0|   32|          0|
    |tmp_5_22_reg_4685                |  32|   0|   32|          0|
    |tmp_5_23_reg_4690                |  32|   0|   32|          0|
    |tmp_5_24_reg_4695                |  32|   0|   32|          0|
    |tmp_5_25_reg_4700                |  32|   0|   32|          0|
    |tmp_5_26_reg_4705                |  32|   0|   32|          0|
    |tmp_5_27_reg_4710                |  32|   0|   32|          0|
    |tmp_5_28_reg_4715                |  32|   0|   32|          0|
    |tmp_5_29_reg_4720                |  32|   0|   32|          0|
    |tmp_5_2_reg_4580                 |  32|   0|   32|          0|
    |tmp_5_30_reg_4725                |  32|   0|   32|          0|
    |tmp_5_31_reg_4730                |  32|   0|   32|          0|
    |tmp_5_32_reg_4735                |  32|   0|   32|          0|
    |tmp_5_33_reg_4740                |  32|   0|   32|          0|
    |tmp_5_34_reg_4745                |  32|   0|   32|          0|
    |tmp_5_35_reg_4750                |  32|   0|   32|          0|
    |tmp_5_36_reg_4755                |  32|   0|   32|          0|
    |tmp_5_37_reg_4760                |  32|   0|   32|          0|
    |tmp_5_38_reg_4765                |  32|   0|   32|          0|
    |tmp_5_39_reg_4770                |  32|   0|   32|          0|
    |tmp_5_3_reg_4585                 |  32|   0|   32|          0|
    |tmp_5_40_reg_4775                |  32|   0|   32|          0|
    |tmp_5_41_reg_4780                |  32|   0|   32|          0|
    |tmp_5_42_reg_4785                |  32|   0|   32|          0|
    |tmp_5_43_reg_4790                |  32|   0|   32|          0|
    |tmp_5_44_reg_4795                |  32|   0|   32|          0|
    |tmp_5_45_reg_4800                |  32|   0|   32|          0|
    |tmp_5_46_reg_4965                |  32|   0|   32|          0|
    |tmp_5_47_reg_4970                |  32|   0|   32|          0|
    |tmp_5_48_reg_4825                |  32|   0|   32|          0|
    |tmp_5_49_reg_4830                |  32|   0|   32|          0|
    |tmp_5_4_reg_4590                 |  32|   0|   32|          0|
    |tmp_5_50_reg_4975                |  32|   0|   32|          0|
    |tmp_5_51_reg_4845                |  32|   0|   32|          0|
    |tmp_5_52_reg_4850                |  32|   0|   32|          0|
    |tmp_5_53_reg_4855                |  32|   0|   32|          0|
    |tmp_5_54_reg_4860                |  32|   0|   32|          0|
    |tmp_5_55_reg_4865                |  32|   0|   32|          0|
    |tmp_5_56_reg_4870                |  32|   0|   32|          0|
    |tmp_5_57_reg_4875                |  32|   0|   32|          0|
    |tmp_5_58_reg_4880                |  32|   0|   32|          0|
    |tmp_5_59_reg_4885                |  32|   0|   32|          0|
    |tmp_5_5_reg_4595                 |  32|   0|   32|          0|
    |tmp_5_60_reg_4890                |  32|   0|   32|          0|
    |tmp_5_61_reg_4895                |  32|   0|   32|          0|
    |tmp_5_62_reg_4900                |  32|   0|   32|          0|
    |tmp_5_63_reg_4905                |  32|   0|   32|          0|
    |tmp_5_64_reg_4980                |  32|   0|   32|          0|
    |tmp_5_65_reg_4920                |  32|   0|   32|          0|
    |tmp_5_66_reg_4925                |  32|   0|   32|          0|
    |tmp_5_67_reg_4930                |  32|   0|   32|          0|
    |tmp_5_68_reg_4935                |  32|   0|   32|          0|
    |tmp_5_69_reg_4985                |  32|   0|   32|          0|
    |tmp_5_6_reg_4600                 |  32|   0|   32|          0|
    |tmp_5_70_reg_4950                |  32|   0|   32|          0|
    |tmp_5_71_reg_4955                |  32|   0|   32|          0|
    |tmp_5_7_reg_4605                 |  32|   0|   32|          0|
    |tmp_5_8_reg_4610                 |  32|   0|   32|          0|
    |tmp_5_9_reg_4615                 |  32|   0|   32|          0|
    |tmp_5_reg_3860                   |  32|   0|   32|          0|
    |tmp_5_s_reg_4620                 |  32|   0|   32|          0|
    |tmp_mid2_reg_3005                |   7|   0|   64|         57|
    |tmp_mid2_reg_3005_pp0_iter1_reg  |   7|   0|   64|         57|
    |tmp_mid2_v_reg_2999              |   7|   0|    7|          0|
    |exitcond_flatten_reg_2985        |  64|  32|    1|          0|
    |ib_mid2_reg_2994                 |  64|  32|    7|          0|
    |tmp_mid2_v_reg_2999              |  64|  32|    7|          0|
    +---------------------------------+----+----+-----+-----------+
    |Total                            |8112|  96| 8163|        228|
    +---------------------------------+----+----+-----+-----------+



================================================================
== Interface
================================================================
* Summary: 
+----------------+-----+-----+------------+--------------+--------------+
|    RTL Ports   | Dir | Bits|  Protocol  | Source Object|    C Type    |
+----------------+-----+-----+------------+--------------+--------------+
|ap_clk          |  in |    1| ap_ctrl_hs |   mmult_hw   | return value |
|ap_rst          |  in |    1| ap_ctrl_hs |   mmult_hw   | return value |
|ap_start        |  in |    1| ap_ctrl_hs |   mmult_hw   | return value |
|ap_done         | out |    1| ap_ctrl_hs |   mmult_hw   | return value |
|ap_idle         | out |    1| ap_ctrl_hs |   mmult_hw   | return value |
|ap_ready        | out |    1| ap_ctrl_hs |   mmult_hw   | return value |
|a_0_address0    | out |    7|  ap_memory |      a_0     |     array    |
|a_0_ce0         | out |    1|  ap_memory |      a_0     |     array    |
|a_0_q0          |  in |   32|  ap_memory |      a_0     |     array    |
|a_1_address0    | out |    7|  ap_memory |      a_1     |     array    |
|a_1_ce0         | out |    1|  ap_memory |      a_1     |     array    |
|a_1_q0          |  in |   32|  ap_memory |      a_1     |     array    |
|a_2_address0    | out |    7|  ap_memory |      a_2     |     array    |
|a_2_ce0         | out |    1|  ap_memory |      a_2     |     array    |
|a_2_q0          |  in |   32|  ap_memory |      a_2     |     array    |
|a_3_address0    | out |    7|  ap_memory |      a_3     |     array    |
|a_3_ce0         | out |    1|  ap_memory |      a_3     |     array    |
|a_3_q0          |  in |   32|  ap_memory |      a_3     |     array    |
|a_4_address0    | out |    7|  ap_memory |      a_4     |     array    |
|a_4_ce0         | out |    1|  ap_memory |      a_4     |     array    |
|a_4_q0          |  in |   32|  ap_memory |      a_4     |     array    |
|a_5_address0    | out |    7|  ap_memory |      a_5     |     array    |
|a_5_ce0         | out |    1|  ap_memory |      a_5     |     array    |
|a_5_q0          |  in |   32|  ap_memory |      a_5     |     array    |
|a_6_address0    | out |    7|  ap_memory |      a_6     |     array    |
|a_6_ce0         | out |    1|  ap_memory |      a_6     |     array    |
|a_6_q0          |  in |   32|  ap_memory |      a_6     |     array    |
|a_7_address0    | out |    7|  ap_memory |      a_7     |     array    |
|a_7_ce0         | out |    1|  ap_memory |      a_7     |     array    |
|a_7_q0          |  in |   32|  ap_memory |      a_7     |     array    |
|a_8_address0    | out |    7|  ap_memory |      a_8     |     array    |
|a_8_ce0         | out |    1|  ap_memory |      a_8     |     array    |
|a_8_q0          |  in |   32|  ap_memory |      a_8     |     array    |
|a_9_address0    | out |    7|  ap_memory |      a_9     |     array    |
|a_9_ce0         | out |    1|  ap_memory |      a_9     |     array    |
|a_9_q0          |  in |   32|  ap_memory |      a_9     |     array    |
|a_10_address0   | out |    7|  ap_memory |     a_10     |     array    |
|a_10_ce0        | out |    1|  ap_memory |     a_10     |     array    |
|a_10_q0         |  in |   32|  ap_memory |     a_10     |     array    |
|a_11_address0   | out |    7|  ap_memory |     a_11     |     array    |
|a_11_ce0        | out |    1|  ap_memory |     a_11     |     array    |
|a_11_q0         |  in |   32|  ap_memory |     a_11     |     array    |
|a_12_address0   | out |    7|  ap_memory |     a_12     |     array    |
|a_12_ce0        | out |    1|  ap_memory |     a_12     |     array    |
|a_12_q0         |  in |   32|  ap_memory |     a_12     |     array    |
|a_13_address0   | out |    7|  ap_memory |     a_13     |     array    |
|a_13_ce0        | out |    1|  ap_memory |     a_13     |     array    |
|a_13_q0         |  in |   32|  ap_memory |     a_13     |     array    |
|a_14_address0   | out |    7|  ap_memory |     a_14     |     array    |
|a_14_ce0        | out |    1|  ap_memory |     a_14     |     array    |
|a_14_q0         |  in |   32|  ap_memory |     a_14     |     array    |
|a_15_address0   | out |    7|  ap_memory |     a_15     |     array    |
|a_15_ce0        | out |    1|  ap_memory |     a_15     |     array    |
|a_15_q0         |  in |   32|  ap_memory |     a_15     |     array    |
|a_16_address0   | out |    7|  ap_memory |     a_16     |     array    |
|a_16_ce0        | out |    1|  ap_memory |     a_16     |     array    |
|a_16_q0         |  in |   32|  ap_memory |     a_16     |     array    |
|a_17_address0   | out |    7|  ap_memory |     a_17     |     array    |
|a_17_ce0        | out |    1|  ap_memory |     a_17     |     array    |
|a_17_q0         |  in |   32|  ap_memory |     a_17     |     array    |
|a_18_address0   | out |    7|  ap_memory |     a_18     |     array    |
|a_18_ce0        | out |    1|  ap_memory |     a_18     |     array    |
|a_18_q0         |  in |   32|  ap_memory |     a_18     |     array    |
|a_19_address0   | out |    7|  ap_memory |     a_19     |     array    |
|a_19_ce0        | out |    1|  ap_memory |     a_19     |     array    |
|a_19_q0         |  in |   32|  ap_memory |     a_19     |     array    |
|a_20_address0   | out |    7|  ap_memory |     a_20     |     array    |
|a_20_ce0        | out |    1|  ap_memory |     a_20     |     array    |
|a_20_q0         |  in |   32|  ap_memory |     a_20     |     array    |
|a_21_address0   | out |    7|  ap_memory |     a_21     |     array    |
|a_21_ce0        | out |    1|  ap_memory |     a_21     |     array    |
|a_21_q0         |  in |   32|  ap_memory |     a_21     |     array    |
|a_22_address0   | out |    7|  ap_memory |     a_22     |     array    |
|a_22_ce0        | out |    1|  ap_memory |     a_22     |     array    |
|a_22_q0         |  in |   32|  ap_memory |     a_22     |     array    |
|a_23_address0   | out |    7|  ap_memory |     a_23     |     array    |
|a_23_ce0        | out |    1|  ap_memory |     a_23     |     array    |
|a_23_q0         |  in |   32|  ap_memory |     a_23     |     array    |
|a_24_address0   | out |    7|  ap_memory |     a_24     |     array    |
|a_24_ce0        | out |    1|  ap_memory |     a_24     |     array    |
|a_24_q0         |  in |   32|  ap_memory |     a_24     |     array    |
|a_25_address0   | out |    7|  ap_memory |     a_25     |     array    |
|a_25_ce0        | out |    1|  ap_memory |     a_25     |     array    |
|a_25_q0         |  in |   32|  ap_memory |     a_25     |     array    |
|a_26_address0   | out |    7|  ap_memory |     a_26     |     array    |
|a_26_ce0        | out |    1|  ap_memory |     a_26     |     array    |
|a_26_q0         |  in |   32|  ap_memory |     a_26     |     array    |
|a_27_address0   | out |    7|  ap_memory |     a_27     |     array    |
|a_27_ce0        | out |    1|  ap_memory |     a_27     |     array    |
|a_27_q0         |  in |   32|  ap_memory |     a_27     |     array    |
|a_28_address0   | out |    7|  ap_memory |     a_28     |     array    |
|a_28_ce0        | out |    1|  ap_memory |     a_28     |     array    |
|a_28_q0         |  in |   32|  ap_memory |     a_28     |     array    |
|a_29_address0   | out |    7|  ap_memory |     a_29     |     array    |
|a_29_ce0        | out |    1|  ap_memory |     a_29     |     array    |
|a_29_q0         |  in |   32|  ap_memory |     a_29     |     array    |
|a_30_address0   | out |    7|  ap_memory |     a_30     |     array    |
|a_30_ce0        | out |    1|  ap_memory |     a_30     |     array    |
|a_30_q0         |  in |   32|  ap_memory |     a_30     |     array    |
|a_31_address0   | out |    7|  ap_memory |     a_31     |     array    |
|a_31_ce0        | out |    1|  ap_memory |     a_31     |     array    |
|a_31_q0         |  in |   32|  ap_memory |     a_31     |     array    |
|a_32_address0   | out |    7|  ap_memory |     a_32     |     array    |
|a_32_ce0        | out |    1|  ap_memory |     a_32     |     array    |
|a_32_q0         |  in |   32|  ap_memory |     a_32     |     array    |
|a_33_address0   | out |    7|  ap_memory |     a_33     |     array    |
|a_33_ce0        | out |    1|  ap_memory |     a_33     |     array    |
|a_33_q0         |  in |   32|  ap_memory |     a_33     |     array    |
|a_34_address0   | out |    7|  ap_memory |     a_34     |     array    |
|a_34_ce0        | out |    1|  ap_memory |     a_34     |     array    |
|a_34_q0         |  in |   32|  ap_memory |     a_34     |     array    |
|a_35_address0   | out |    7|  ap_memory |     a_35     |     array    |
|a_35_ce0        | out |    1|  ap_memory |     a_35     |     array    |
|a_35_q0         |  in |   32|  ap_memory |     a_35     |     array    |
|a_36_address0   | out |    7|  ap_memory |     a_36     |     array    |
|a_36_ce0        | out |    1|  ap_memory |     a_36     |     array    |
|a_36_q0         |  in |   32|  ap_memory |     a_36     |     array    |
|a_37_address0   | out |    7|  ap_memory |     a_37     |     array    |
|a_37_ce0        | out |    1|  ap_memory |     a_37     |     array    |
|a_37_q0         |  in |   32|  ap_memory |     a_37     |     array    |
|a_38_address0   | out |    7|  ap_memory |     a_38     |     array    |
|a_38_ce0        | out |    1|  ap_memory |     a_38     |     array    |
|a_38_q0         |  in |   32|  ap_memory |     a_38     |     array    |
|a_39_address0   | out |    7|  ap_memory |     a_39     |     array    |
|a_39_ce0        | out |    1|  ap_memory |     a_39     |     array    |
|a_39_q0         |  in |   32|  ap_memory |     a_39     |     array    |
|a_40_address0   | out |    7|  ap_memory |     a_40     |     array    |
|a_40_ce0        | out |    1|  ap_memory |     a_40     |     array    |
|a_40_q0         |  in |   32|  ap_memory |     a_40     |     array    |
|a_41_address0   | out |    7|  ap_memory |     a_41     |     array    |
|a_41_ce0        | out |    1|  ap_memory |     a_41     |     array    |
|a_41_q0         |  in |   32|  ap_memory |     a_41     |     array    |
|a_42_address0   | out |    7|  ap_memory |     a_42     |     array    |
|a_42_ce0        | out |    1|  ap_memory |     a_42     |     array    |
|a_42_q0         |  in |   32|  ap_memory |     a_42     |     array    |
|a_43_address0   | out |    7|  ap_memory |     a_43     |     array    |
|a_43_ce0        | out |    1|  ap_memory |     a_43     |     array    |
|a_43_q0         |  in |   32|  ap_memory |     a_43     |     array    |
|a_44_address0   | out |    7|  ap_memory |     a_44     |     array    |
|a_44_ce0        | out |    1|  ap_memory |     a_44     |     array    |
|a_44_q0         |  in |   32|  ap_memory |     a_44     |     array    |
|a_45_address0   | out |    7|  ap_memory |     a_45     |     array    |
|a_45_ce0        | out |    1|  ap_memory |     a_45     |     array    |
|a_45_q0         |  in |   32|  ap_memory |     a_45     |     array    |
|a_46_address0   | out |    7|  ap_memory |     a_46     |     array    |
|a_46_ce0        | out |    1|  ap_memory |     a_46     |     array    |
|a_46_q0         |  in |   32|  ap_memory |     a_46     |     array    |
|a_47_address0   | out |    7|  ap_memory |     a_47     |     array    |
|a_47_ce0        | out |    1|  ap_memory |     a_47     |     array    |
|a_47_q0         |  in |   32|  ap_memory |     a_47     |     array    |
|a_48_address0   | out |    7|  ap_memory |     a_48     |     array    |
|a_48_ce0        | out |    1|  ap_memory |     a_48     |     array    |
|a_48_q0         |  in |   32|  ap_memory |     a_48     |     array    |
|a_49_address0   | out |    7|  ap_memory |     a_49     |     array    |
|a_49_ce0        | out |    1|  ap_memory |     a_49     |     array    |
|a_49_q0         |  in |   32|  ap_memory |     a_49     |     array    |
|a_50_address0   | out |    7|  ap_memory |     a_50     |     array    |
|a_50_ce0        | out |    1|  ap_memory |     a_50     |     array    |
|a_50_q0         |  in |   32|  ap_memory |     a_50     |     array    |
|a_51_address0   | out |    7|  ap_memory |     a_51     |     array    |
|a_51_ce0        | out |    1|  ap_memory |     a_51     |     array    |
|a_51_q0         |  in |   32|  ap_memory |     a_51     |     array    |
|a_52_address0   | out |    7|  ap_memory |     a_52     |     array    |
|a_52_ce0        | out |    1|  ap_memory |     a_52     |     array    |
|a_52_q0         |  in |   32|  ap_memory |     a_52     |     array    |
|a_53_address0   | out |    7|  ap_memory |     a_53     |     array    |
|a_53_ce0        | out |    1|  ap_memory |     a_53     |     array    |
|a_53_q0         |  in |   32|  ap_memory |     a_53     |     array    |
|a_54_address0   | out |    7|  ap_memory |     a_54     |     array    |
|a_54_ce0        | out |    1|  ap_memory |     a_54     |     array    |
|a_54_q0         |  in |   32|  ap_memory |     a_54     |     array    |
|a_55_address0   | out |    7|  ap_memory |     a_55     |     array    |
|a_55_ce0        | out |    1|  ap_memory |     a_55     |     array    |
|a_55_q0         |  in |   32|  ap_memory |     a_55     |     array    |
|a_56_address0   | out |    7|  ap_memory |     a_56     |     array    |
|a_56_ce0        | out |    1|  ap_memory |     a_56     |     array    |
|a_56_q0         |  in |   32|  ap_memory |     a_56     |     array    |
|a_57_address0   | out |    7|  ap_memory |     a_57     |     array    |
|a_57_ce0        | out |    1|  ap_memory |     a_57     |     array    |
|a_57_q0         |  in |   32|  ap_memory |     a_57     |     array    |
|a_58_address0   | out |    7|  ap_memory |     a_58     |     array    |
|a_58_ce0        | out |    1|  ap_memory |     a_58     |     array    |
|a_58_q0         |  in |   32|  ap_memory |     a_58     |     array    |
|a_59_address0   | out |    7|  ap_memory |     a_59     |     array    |
|a_59_ce0        | out |    1|  ap_memory |     a_59     |     array    |
|a_59_q0         |  in |   32|  ap_memory |     a_59     |     array    |
|a_60_address0   | out |    7|  ap_memory |     a_60     |     array    |
|a_60_ce0        | out |    1|  ap_memory |     a_60     |     array    |
|a_60_q0         |  in |   32|  ap_memory |     a_60     |     array    |
|a_61_address0   | out |    7|  ap_memory |     a_61     |     array    |
|a_61_ce0        | out |    1|  ap_memory |     a_61     |     array    |
|a_61_q0         |  in |   32|  ap_memory |     a_61     |     array    |
|a_62_address0   | out |    7|  ap_memory |     a_62     |     array    |
|a_62_ce0        | out |    1|  ap_memory |     a_62     |     array    |
|a_62_q0         |  in |   32|  ap_memory |     a_62     |     array    |
|a_63_address0   | out |    7|  ap_memory |     a_63     |     array    |
|a_63_ce0        | out |    1|  ap_memory |     a_63     |     array    |
|a_63_q0         |  in |   32|  ap_memory |     a_63     |     array    |
|a_64_address0   | out |    7|  ap_memory |     a_64     |     array    |
|a_64_ce0        | out |    1|  ap_memory |     a_64     |     array    |
|a_64_q0         |  in |   32|  ap_memory |     a_64     |     array    |
|a_65_address0   | out |    7|  ap_memory |     a_65     |     array    |
|a_65_ce0        | out |    1|  ap_memory |     a_65     |     array    |
|a_65_q0         |  in |   32|  ap_memory |     a_65     |     array    |
|a_66_address0   | out |    7|  ap_memory |     a_66     |     array    |
|a_66_ce0        | out |    1|  ap_memory |     a_66     |     array    |
|a_66_q0         |  in |   32|  ap_memory |     a_66     |     array    |
|a_67_address0   | out |    7|  ap_memory |     a_67     |     array    |
|a_67_ce0        | out |    1|  ap_memory |     a_67     |     array    |
|a_67_q0         |  in |   32|  ap_memory |     a_67     |     array    |
|a_68_address0   | out |    7|  ap_memory |     a_68     |     array    |
|a_68_ce0        | out |    1|  ap_memory |     a_68     |     array    |
|a_68_q0         |  in |   32|  ap_memory |     a_68     |     array    |
|a_69_address0   | out |    7|  ap_memory |     a_69     |     array    |
|a_69_ce0        | out |    1|  ap_memory |     a_69     |     array    |
|a_69_q0         |  in |   32|  ap_memory |     a_69     |     array    |
|a_70_address0   | out |    7|  ap_memory |     a_70     |     array    |
|a_70_ce0        | out |    1|  ap_memory |     a_70     |     array    |
|a_70_q0         |  in |   32|  ap_memory |     a_70     |     array    |
|a_71_address0   | out |    7|  ap_memory |     a_71     |     array    |
|a_71_ce0        | out |    1|  ap_memory |     a_71     |     array    |
|a_71_q0         |  in |   32|  ap_memory |     a_71     |     array    |
|a_72_address0   | out |    7|  ap_memory |     a_72     |     array    |
|a_72_ce0        | out |    1|  ap_memory |     a_72     |     array    |
|a_72_q0         |  in |   32|  ap_memory |     a_72     |     array    |
|b_0_address0    | out |    7|  ap_memory |      b_0     |     array    |
|b_0_ce0         | out |    1|  ap_memory |      b_0     |     array    |
|b_0_q0          |  in |   32|  ap_memory |      b_0     |     array    |
|b_1_address0    | out |    7|  ap_memory |      b_1     |     array    |
|b_1_ce0         | out |    1|  ap_memory |      b_1     |     array    |
|b_1_q0          |  in |   32|  ap_memory |      b_1     |     array    |
|b_2_address0    | out |    7|  ap_memory |      b_2     |     array    |
|b_2_ce0         | out |    1|  ap_memory |      b_2     |     array    |
|b_2_q0          |  in |   32|  ap_memory |      b_2     |     array    |
|b_3_address0    | out |    7|  ap_memory |      b_3     |     array    |
|b_3_ce0         | out |    1|  ap_memory |      b_3     |     array    |
|b_3_q0          |  in |   32|  ap_memory |      b_3     |     array    |
|b_4_address0    | out |    7|  ap_memory |      b_4     |     array    |
|b_4_ce0         | out |    1|  ap_memory |      b_4     |     array    |
|b_4_q0          |  in |   32|  ap_memory |      b_4     |     array    |
|b_5_address0    | out |    7|  ap_memory |      b_5     |     array    |
|b_5_ce0         | out |    1|  ap_memory |      b_5     |     array    |
|b_5_q0          |  in |   32|  ap_memory |      b_5     |     array    |
|b_6_address0    | out |    7|  ap_memory |      b_6     |     array    |
|b_6_ce0         | out |    1|  ap_memory |      b_6     |     array    |
|b_6_q0          |  in |   32|  ap_memory |      b_6     |     array    |
|b_7_address0    | out |    7|  ap_memory |      b_7     |     array    |
|b_7_ce0         | out |    1|  ap_memory |      b_7     |     array    |
|b_7_q0          |  in |   32|  ap_memory |      b_7     |     array    |
|b_8_address0    | out |    7|  ap_memory |      b_8     |     array    |
|b_8_ce0         | out |    1|  ap_memory |      b_8     |     array    |
|b_8_q0          |  in |   32|  ap_memory |      b_8     |     array    |
|b_9_address0    | out |    7|  ap_memory |      b_9     |     array    |
|b_9_ce0         | out |    1|  ap_memory |      b_9     |     array    |
|b_9_q0          |  in |   32|  ap_memory |      b_9     |     array    |
|b_10_address0   | out |    7|  ap_memory |     b_10     |     array    |
|b_10_ce0        | out |    1|  ap_memory |     b_10     |     array    |
|b_10_q0         |  in |   32|  ap_memory |     b_10     |     array    |
|b_11_address0   | out |    7|  ap_memory |     b_11     |     array    |
|b_11_ce0        | out |    1|  ap_memory |     b_11     |     array    |
|b_11_q0         |  in |   32|  ap_memory |     b_11     |     array    |
|b_12_address0   | out |    7|  ap_memory |     b_12     |     array    |
|b_12_ce0        | out |    1|  ap_memory |     b_12     |     array    |
|b_12_q0         |  in |   32|  ap_memory |     b_12     |     array    |
|b_13_address0   | out |    7|  ap_memory |     b_13     |     array    |
|b_13_ce0        | out |    1|  ap_memory |     b_13     |     array    |
|b_13_q0         |  in |   32|  ap_memory |     b_13     |     array    |
|b_14_address0   | out |    7|  ap_memory |     b_14     |     array    |
|b_14_ce0        | out |    1|  ap_memory |     b_14     |     array    |
|b_14_q0         |  in |   32|  ap_memory |     b_14     |     array    |
|b_15_address0   | out |    7|  ap_memory |     b_15     |     array    |
|b_15_ce0        | out |    1|  ap_memory |     b_15     |     array    |
|b_15_q0         |  in |   32|  ap_memory |     b_15     |     array    |
|b_16_address0   | out |    7|  ap_memory |     b_16     |     array    |
|b_16_ce0        | out |    1|  ap_memory |     b_16     |     array    |
|b_16_q0         |  in |   32|  ap_memory |     b_16     |     array    |
|b_17_address0   | out |    7|  ap_memory |     b_17     |     array    |
|b_17_ce0        | out |    1|  ap_memory |     b_17     |     array    |
|b_17_q0         |  in |   32|  ap_memory |     b_17     |     array    |
|b_18_address0   | out |    7|  ap_memory |     b_18     |     array    |
|b_18_ce0        | out |    1|  ap_memory |     b_18     |     array    |
|b_18_q0         |  in |   32|  ap_memory |     b_18     |     array    |
|b_19_address0   | out |    7|  ap_memory |     b_19     |     array    |
|b_19_ce0        | out |    1|  ap_memory |     b_19     |     array    |
|b_19_q0         |  in |   32|  ap_memory |     b_19     |     array    |
|b_20_address0   | out |    7|  ap_memory |     b_20     |     array    |
|b_20_ce0        | out |    1|  ap_memory |     b_20     |     array    |
|b_20_q0         |  in |   32|  ap_memory |     b_20     |     array    |
|b_21_address0   | out |    7|  ap_memory |     b_21     |     array    |
|b_21_ce0        | out |    1|  ap_memory |     b_21     |     array    |
|b_21_q0         |  in |   32|  ap_memory |     b_21     |     array    |
|b_22_address0   | out |    7|  ap_memory |     b_22     |     array    |
|b_22_ce0        | out |    1|  ap_memory |     b_22     |     array    |
|b_22_q0         |  in |   32|  ap_memory |     b_22     |     array    |
|b_23_address0   | out |    7|  ap_memory |     b_23     |     array    |
|b_23_ce0        | out |    1|  ap_memory |     b_23     |     array    |
|b_23_q0         |  in |   32|  ap_memory |     b_23     |     array    |
|b_24_address0   | out |    7|  ap_memory |     b_24     |     array    |
|b_24_ce0        | out |    1|  ap_memory |     b_24     |     array    |
|b_24_q0         |  in |   32|  ap_memory |     b_24     |     array    |
|b_25_address0   | out |    7|  ap_memory |     b_25     |     array    |
|b_25_ce0        | out |    1|  ap_memory |     b_25     |     array    |
|b_25_q0         |  in |   32|  ap_memory |     b_25     |     array    |
|b_26_address0   | out |    7|  ap_memory |     b_26     |     array    |
|b_26_ce0        | out |    1|  ap_memory |     b_26     |     array    |
|b_26_q0         |  in |   32|  ap_memory |     b_26     |     array    |
|b_27_address0   | out |    7|  ap_memory |     b_27     |     array    |
|b_27_ce0        | out |    1|  ap_memory |     b_27     |     array    |
|b_27_q0         |  in |   32|  ap_memory |     b_27     |     array    |
|b_28_address0   | out |    7|  ap_memory |     b_28     |     array    |
|b_28_ce0        | out |    1|  ap_memory |     b_28     |     array    |
|b_28_q0         |  in |   32|  ap_memory |     b_28     |     array    |
|b_29_address0   | out |    7|  ap_memory |     b_29     |     array    |
|b_29_ce0        | out |    1|  ap_memory |     b_29     |     array    |
|b_29_q0         |  in |   32|  ap_memory |     b_29     |     array    |
|b_30_address0   | out |    7|  ap_memory |     b_30     |     array    |
|b_30_ce0        | out |    1|  ap_memory |     b_30     |     array    |
|b_30_q0         |  in |   32|  ap_memory |     b_30     |     array    |
|b_31_address0   | out |    7|  ap_memory |     b_31     |     array    |
|b_31_ce0        | out |    1|  ap_memory |     b_31     |     array    |
|b_31_q0         |  in |   32|  ap_memory |     b_31     |     array    |
|b_32_address0   | out |    7|  ap_memory |     b_32     |     array    |
|b_32_ce0        | out |    1|  ap_memory |     b_32     |     array    |
|b_32_q0         |  in |   32|  ap_memory |     b_32     |     array    |
|b_33_address0   | out |    7|  ap_memory |     b_33     |     array    |
|b_33_ce0        | out |    1|  ap_memory |     b_33     |     array    |
|b_33_q0         |  in |   32|  ap_memory |     b_33     |     array    |
|b_34_address0   | out |    7|  ap_memory |     b_34     |     array    |
|b_34_ce0        | out |    1|  ap_memory |     b_34     |     array    |
|b_34_q0         |  in |   32|  ap_memory |     b_34     |     array    |
|b_35_address0   | out |    7|  ap_memory |     b_35     |     array    |
|b_35_ce0        | out |    1|  ap_memory |     b_35     |     array    |
|b_35_q0         |  in |   32|  ap_memory |     b_35     |     array    |
|b_36_address0   | out |    7|  ap_memory |     b_36     |     array    |
|b_36_ce0        | out |    1|  ap_memory |     b_36     |     array    |
|b_36_q0         |  in |   32|  ap_memory |     b_36     |     array    |
|b_37_address0   | out |    7|  ap_memory |     b_37     |     array    |
|b_37_ce0        | out |    1|  ap_memory |     b_37     |     array    |
|b_37_q0         |  in |   32|  ap_memory |     b_37     |     array    |
|b_38_address0   | out |    7|  ap_memory |     b_38     |     array    |
|b_38_ce0        | out |    1|  ap_memory |     b_38     |     array    |
|b_38_q0         |  in |   32|  ap_memory |     b_38     |     array    |
|b_39_address0   | out |    7|  ap_memory |     b_39     |     array    |
|b_39_ce0        | out |    1|  ap_memory |     b_39     |     array    |
|b_39_q0         |  in |   32|  ap_memory |     b_39     |     array    |
|b_40_address0   | out |    7|  ap_memory |     b_40     |     array    |
|b_40_ce0        | out |    1|  ap_memory |     b_40     |     array    |
|b_40_q0         |  in |   32|  ap_memory |     b_40     |     array    |
|b_41_address0   | out |    7|  ap_memory |     b_41     |     array    |
|b_41_ce0        | out |    1|  ap_memory |     b_41     |     array    |
|b_41_q0         |  in |   32|  ap_memory |     b_41     |     array    |
|b_42_address0   | out |    7|  ap_memory |     b_42     |     array    |
|b_42_ce0        | out |    1|  ap_memory |     b_42     |     array    |
|b_42_q0         |  in |   32|  ap_memory |     b_42     |     array    |
|b_43_address0   | out |    7|  ap_memory |     b_43     |     array    |
|b_43_ce0        | out |    1|  ap_memory |     b_43     |     array    |
|b_43_q0         |  in |   32|  ap_memory |     b_43     |     array    |
|b_44_address0   | out |    7|  ap_memory |     b_44     |     array    |
|b_44_ce0        | out |    1|  ap_memory |     b_44     |     array    |
|b_44_q0         |  in |   32|  ap_memory |     b_44     |     array    |
|b_45_address0   | out |    7|  ap_memory |     b_45     |     array    |
|b_45_ce0        | out |    1|  ap_memory |     b_45     |     array    |
|b_45_q0         |  in |   32|  ap_memory |     b_45     |     array    |
|b_46_address0   | out |    7|  ap_memory |     b_46     |     array    |
|b_46_ce0        | out |    1|  ap_memory |     b_46     |     array    |
|b_46_q0         |  in |   32|  ap_memory |     b_46     |     array    |
|b_47_address0   | out |    7|  ap_memory |     b_47     |     array    |
|b_47_ce0        | out |    1|  ap_memory |     b_47     |     array    |
|b_47_q0         |  in |   32|  ap_memory |     b_47     |     array    |
|b_48_address0   | out |    7|  ap_memory |     b_48     |     array    |
|b_48_ce0        | out |    1|  ap_memory |     b_48     |     array    |
|b_48_q0         |  in |   32|  ap_memory |     b_48     |     array    |
|b_49_address0   | out |    7|  ap_memory |     b_49     |     array    |
|b_49_ce0        | out |    1|  ap_memory |     b_49     |     array    |
|b_49_q0         |  in |   32|  ap_memory |     b_49     |     array    |
|b_50_address0   | out |    7|  ap_memory |     b_50     |     array    |
|b_50_ce0        | out |    1|  ap_memory |     b_50     |     array    |
|b_50_q0         |  in |   32|  ap_memory |     b_50     |     array    |
|b_51_address0   | out |    7|  ap_memory |     b_51     |     array    |
|b_51_ce0        | out |    1|  ap_memory |     b_51     |     array    |
|b_51_q0         |  in |   32|  ap_memory |     b_51     |     array    |
|b_52_address0   | out |    7|  ap_memory |     b_52     |     array    |
|b_52_ce0        | out |    1|  ap_memory |     b_52     |     array    |
|b_52_q0         |  in |   32|  ap_memory |     b_52     |     array    |
|b_53_address0   | out |    7|  ap_memory |     b_53     |     array    |
|b_53_ce0        | out |    1|  ap_memory |     b_53     |     array    |
|b_53_q0         |  in |   32|  ap_memory |     b_53     |     array    |
|b_54_address0   | out |    7|  ap_memory |     b_54     |     array    |
|b_54_ce0        | out |    1|  ap_memory |     b_54     |     array    |
|b_54_q0         |  in |   32|  ap_memory |     b_54     |     array    |
|b_55_address0   | out |    7|  ap_memory |     b_55     |     array    |
|b_55_ce0        | out |    1|  ap_memory |     b_55     |     array    |
|b_55_q0         |  in |   32|  ap_memory |     b_55     |     array    |
|b_56_address0   | out |    7|  ap_memory |     b_56     |     array    |
|b_56_ce0        | out |    1|  ap_memory |     b_56     |     array    |
|b_56_q0         |  in |   32|  ap_memory |     b_56     |     array    |
|b_57_address0   | out |    7|  ap_memory |     b_57     |     array    |
|b_57_ce0        | out |    1|  ap_memory |     b_57     |     array    |
|b_57_q0         |  in |   32|  ap_memory |     b_57     |     array    |
|b_58_address0   | out |    7|  ap_memory |     b_58     |     array    |
|b_58_ce0        | out |    1|  ap_memory |     b_58     |     array    |
|b_58_q0         |  in |   32|  ap_memory |     b_58     |     array    |
|b_59_address0   | out |    7|  ap_memory |     b_59     |     array    |
|b_59_ce0        | out |    1|  ap_memory |     b_59     |     array    |
|b_59_q0         |  in |   32|  ap_memory |     b_59     |     array    |
|b_60_address0   | out |    7|  ap_memory |     b_60     |     array    |
|b_60_ce0        | out |    1|  ap_memory |     b_60     |     array    |
|b_60_q0         |  in |   32|  ap_memory |     b_60     |     array    |
|b_61_address0   | out |    7|  ap_memory |     b_61     |     array    |
|b_61_ce0        | out |    1|  ap_memory |     b_61     |     array    |
|b_61_q0         |  in |   32|  ap_memory |     b_61     |     array    |
|b_62_address0   | out |    7|  ap_memory |     b_62     |     array    |
|b_62_ce0        | out |    1|  ap_memory |     b_62     |     array    |
|b_62_q0         |  in |   32|  ap_memory |     b_62     |     array    |
|b_63_address0   | out |    7|  ap_memory |     b_63     |     array    |
|b_63_ce0        | out |    1|  ap_memory |     b_63     |     array    |
|b_63_q0         |  in |   32|  ap_memory |     b_63     |     array    |
|b_64_address0   | out |    7|  ap_memory |     b_64     |     array    |
|b_64_ce0        | out |    1|  ap_memory |     b_64     |     array    |
|b_64_q0         |  in |   32|  ap_memory |     b_64     |     array    |
|b_65_address0   | out |    7|  ap_memory |     b_65     |     array    |
|b_65_ce0        | out |    1|  ap_memory |     b_65     |     array    |
|b_65_q0         |  in |   32|  ap_memory |     b_65     |     array    |
|b_66_address0   | out |    7|  ap_memory |     b_66     |     array    |
|b_66_ce0        | out |    1|  ap_memory |     b_66     |     array    |
|b_66_q0         |  in |   32|  ap_memory |     b_66     |     array    |
|b_67_address0   | out |    7|  ap_memory |     b_67     |     array    |
|b_67_ce0        | out |    1|  ap_memory |     b_67     |     array    |
|b_67_q0         |  in |   32|  ap_memory |     b_67     |     array    |
|b_68_address0   | out |    7|  ap_memory |     b_68     |     array    |
|b_68_ce0        | out |    1|  ap_memory |     b_68     |     array    |
|b_68_q0         |  in |   32|  ap_memory |     b_68     |     array    |
|b_69_address0   | out |    7|  ap_memory |     b_69     |     array    |
|b_69_ce0        | out |    1|  ap_memory |     b_69     |     array    |
|b_69_q0         |  in |   32|  ap_memory |     b_69     |     array    |
|b_70_address0   | out |    7|  ap_memory |     b_70     |     array    |
|b_70_ce0        | out |    1|  ap_memory |     b_70     |     array    |
|b_70_q0         |  in |   32|  ap_memory |     b_70     |     array    |
|b_71_address0   | out |    7|  ap_memory |     b_71     |     array    |
|b_71_ce0        | out |    1|  ap_memory |     b_71     |     array    |
|b_71_q0         |  in |   32|  ap_memory |     b_71     |     array    |
|b_72_address0   | out |    7|  ap_memory |     b_72     |     array    |
|b_72_ce0        | out |    1|  ap_memory |     b_72     |     array    |
|b_72_q0         |  in |   32|  ap_memory |     b_72     |     array    |
|out_r_address0  | out |   13|  ap_memory |     out_r    |     array    |
|out_r_ce0       | out |    1|  ap_memory |     out_r    |     array    |
|out_r_we0       | out |    1|  ap_memory |     out_r    |     array    |
|out_r_d0        | out |   32|  ap_memory |     out_r    |     array    |
+----------------+-----+-----+------------+--------------+--------------+

