==============================================================
File generated on Sat Apr 09 11:21:15 -0400 2022
Vivado(TM) HLS - High-Level Synthesis from C, C++ and SystemC v2018.3 (64-bit)
SW Build 2405991 on Thu Dec  6 23:38:27 MST 2018
IP Build 2404404 on Fri Dec  7 01:43:56 MST 2018
Copyright 1986-2018 Xilinx, Inc. All Rights Reserved.
==============================================================
INFO: [SYN 201-201] Setting up clock 'default' with a period of 10ns.
INFO: [HLS 200-10] Setting target device to 'xc7z020clg484-1'
INFO: [SCHED 204-61] Option 'relax_ii_for_timing' is enabled, will increase II to preserve clock frequency constraints.
INFO: [HLS 200-10] Analyzing design file 'mmult_accel.cpp' ... 
INFO: [HLS 200-111] Finished Linking Time (s): cpu = 00:00:01 ; elapsed = 00:00:12 . Memory (MB): peak = 103.227 ; gain = 18.387
INFO: [HLS 200-111] Finished Checking Pragmas Time (s): cpu = 00:00:01 ; elapsed = 00:00:12 . Memory (MB): peak = 103.227 ; gain = 18.387
INFO: [HLS 200-10] Starting code transformations ...
INFO: [HLS 200-111] Finished Standard Transforms Time (s): cpu = 00:00:01 ; elapsed = 00:00:12 . Memory (MB): peak = 103.945 ; gain = 19.105
INFO: [HLS 200-10] Checking synthesizability ...
INFO: [HLS 200-111] Finished Checking Synthesizability Time (s): cpu = 00:00:01 ; elapsed = 00:00:12 . Memory (MB): peak = 104.199 ; gain = 19.359
INFO: [HLS 200-111] Finished Pre-synthesis Time (s): cpu = 00:00:01 ; elapsed = 00:00:13 . Memory (MB): peak = 125.867 ; gain = 41.027
INFO: [HLS 200-111] Finished Architecture Synthesis Time (s): cpu = 00:00:01 ; elapsed = 00:00:13 . Memory (MB): peak = 125.867 ; gain = 41.027
INFO: [HLS 200-10] Starting hardware synthesis ...
INFO: [HLS 200-10] Synthesizing 'mmult_hw' ...
WARNING: [SYN 201-107] Renaming port name 'mmult_hw/out' to 'mmult_hw/out_r' to avoid the conflict with HDL keywords or other object names.
INFO: [HLS 200-10] ----------------------------------------------------------------
INFO: [HLS 200-42] -- Implementing module 'mmult_hw' 
INFO: [HLS 200-10] ----------------------------------------------------------------
INFO: [SCHED 204-11] Starting scheduling ...
INFO: [SCHED 204-11] Finished scheduling.
INFO: [HLS 200-111]  Elapsed time: 12.863 seconds; current allocated memory: 76.769 MB.
INFO: [HLS 200-434] Only 0 loops out of a total 3 loops have been pipelined in this design.
INFO: [BIND 205-100] Starting micro-architecture generation ...
INFO: [BIND 205-101] Performing variable lifetime analysis.
INFO: [BIND 205-101] Exploring resource sharing.
INFO: [BIND 205-101] Binding ...
INFO: [BIND 205-100] Finished micro-architecture generation.
INFO: [HLS 200-111]  Elapsed time: 0.122 seconds; current allocated memory: 77.080 MB.
INFO: [HLS 200-10] ----------------------------------------------------------------
INFO: [HLS 200-10] -- Generating RTL for module 'mmult_hw' 
INFO: [HLS 200-10] ----------------------------------------------------------------
INFO: [RTGEN 206-500] Setting interface mode on port 'mmult_hw/a' to 'ap_memory'.
INFO: [RTGEN 206-500] Setting interface mode on port 'mmult_hw/b' to 'ap_memory'.
INFO: [RTGEN 206-500] Setting interface mode on port 'mmult_hw/out_r' to 'ap_memory'.
INFO: [RTGEN 206-500] Setting interface mode on function 'mmult_hw' to 'ap_ctrl_hs'.
INFO: [RTGEN 206-100] Finished creating RTL model for 'mmult_hw'.
INFO: [HLS 200-111]  Elapsed time: 0.173 seconds; current allocated memory: 77.398 MB.
INFO: [HLS 200-111] Finished generating all RTL models Time (s): cpu = 00:00:02 ; elapsed = 00:00:15 . Memory (MB): peak = 125.867 ; gain = 41.027
INFO: [SYSC 207-301] Generating SystemC RTL for mmult_hw.
INFO: [VHDL 208-304] Generating VHDL RTL for mmult_hw.
INFO: [VLOG 209-307] Generating Verilog RTL for mmult_hw.
INFO: [HLS 200-112] Total elapsed time: 15.089 seconds; peak allocated memory: 77.398 MB.
==============================================================
File generated on Sat Apr 09 11:23:37 -0400 2022
Vivado(TM) HLS - High-Level Synthesis from C, C++ and SystemC v2018.3 (64-bit)
SW Build 2405991 on Thu Dec  6 23:38:27 MST 2018
IP Build 2404404 on Fri Dec  7 01:43:56 MST 2018
Copyright 1986-2018 Xilinx, Inc. All Rights Reserved.
==============================================================
INFO: [SYN 201-201] Setting up clock 'default' with a period of 10ns.
INFO: [HLS 200-10] Setting target device to 'xc7z020clg484-1'
INFO: [SCHED 204-61] Option 'relax_ii_for_timing' is enabled, will increase II to preserve clock frequency constraints.
INFO: [HLS 200-10] Analyzing design file 'mmult_accel.cpp' ... 
INFO: [HLS 200-111] Finished Linking Time (s): cpu = 00:00:01 ; elapsed = 00:00:15 . Memory (MB): peak = 103.242 ; gain = 18.590
INFO: [HLS 200-111] Finished Checking Pragmas Time (s): cpu = 00:00:01 ; elapsed = 00:00:15 . Memory (MB): peak = 103.242 ; gain = 18.590
INFO: [HLS 200-10] Starting code transformations ...
INFO: [HLS 200-111] Finished Standard Transforms Time (s): cpu = 00:00:01 ; elapsed = 00:00:15 . Memory (MB): peak = 104.285 ; gain = 19.633
INFO: [HLS 200-10] Checking synthesizability ...
INFO: [HLS 200-111] Finished Checking Synthesizability Time (s): cpu = 00:00:01 ; elapsed = 00:00:16 . Memory (MB): peak = 104.539 ; gain = 19.887
INFO: [XFORM 203-502] Unrolling all sub-loops inside loop 'L2' (mmult_accel.cpp:15) in function 'mmult_hw' for pipelining.
INFO: [HLS 200-489] Unrolling loop 'L3' (mmult_accel.cpp:19) in function 'mmult_hw' completely with a factor of 50.
INFO: [XFORM 203-101] Partitioning array 'a' (mmult_accel.cpp:10) in dimension 2 completely.
INFO: [XFORM 203-101] Partitioning array 'b' (mmult_accel.cpp:10) in dimension 1 completely.
INFO: [XFORM 203-11] Balancing expressions in function 'mmult_hw' (mmult_accel.cpp:10)...49 expression(s) balanced.
INFO: [HLS 200-111] Finished Pre-synthesis Time (s): cpu = 00:00:02 ; elapsed = 00:00:16 . Memory (MB): peak = 128.609 ; gain = 43.957
INFO: [XFORM 203-541] Flattening a loop nest 'L1' (mmult_accel.cpp:14:3) in function 'mmult_hw'.
INFO: [HLS 200-111] Finished Architecture Synthesis Time (s): cpu = 00:00:02 ; elapsed = 00:00:17 . Memory (MB): peak = 128.609 ; gain = 43.957
INFO: [HLS 200-10] Starting hardware synthesis ...
INFO: [HLS 200-10] Synthesizing 'mmult_hw' ...
WARNING: [SYN 201-107] Renaming port name 'mmult_hw/out' to 'mmult_hw/out_r' to avoid the conflict with HDL keywords or other object names.
INFO: [HLS 200-10] ----------------------------------------------------------------
INFO: [HLS 200-42] -- Implementing module 'mmult_hw' 
INFO: [HLS 200-10] ----------------------------------------------------------------
INFO: [SCHED 204-11] Starting scheduling ...
INFO: [SCHED 204-61] Pipelining loop 'L1_L2'.
INFO: [SCHED 204-61] Pipelining result : Target II = 1, Final II = 1, Depth = 6.
WARNING: [SCHED 204-21] Estimated clock period (9.634ns) exceeds the target (target clock period: 10ns, clock uncertainty: 1.25ns, effective delay budget: 8.75ns).
WARNING: [SCHED 204-21] The critical path in module 'mmult_hw' consists of the following:
	'mul' operation of DSP[227] ('tmp', mmult_accel.cpp:20) [221]  (3.36 ns)
	'add' operation of DSP[227] ('tmp_1', mmult_accel.cpp:20) [227]  (3.02 ns)
	'getelementptr' operation ('out_addr', mmult_accel.cpp:20) [229]  (0 ns)
	'store' operation (mmult_accel.cpp:20) of variable 'sum_1_s', mmult_accel.cpp:19 on array 'out_r' [529]  (3.25 ns)
INFO: [SCHED 204-11] Finished scheduling.
INFO: [HLS 200-111]  Elapsed time: 17.74 seconds; current allocated memory: 81.087 MB.
INFO: [BIND 205-100] Starting micro-architecture generation ...
INFO: [BIND 205-101] Performing variable lifetime analysis.
INFO: [BIND 205-101] Exploring resource sharing.
INFO: [BIND 205-101] Binding ...
INFO: [BIND 205-100] Finished micro-architecture generation.
INFO: [HLS 200-111]  Elapsed time: 0.823 seconds; current allocated memory: 82.621 MB.
INFO: [HLS 200-10] ----------------------------------------------------------------
INFO: [HLS 200-10] -- Generating RTL for module 'mmult_hw' 
INFO: [HLS 200-10] ----------------------------------------------------------------
INFO: [RTGEN 206-500] Setting interface mode on port 'mmult_hw/a_0' to 'ap_memory'.
INFO: [RTGEN 206-500] Setting interface mode on port 'mmult_hw/a_1' to 'ap_memory'.
INFO: [RTGEN 206-500] Setting interface mode on port 'mmult_hw/a_2' to 'ap_memory'.
INFO: [RTGEN 206-500] Setting interface mode on port 'mmult_hw/a_3' to 'ap_memory'.
INFO: [RTGEN 206-500] Setting interface mode on port 'mmult_hw/a_4' to 'ap_memory'.
INFO: [RTGEN 206-500] Setting interface mode on port 'mmult_hw/a_5' to 'ap_memory'.
INFO: [RTGEN 206-500] Setting interface mode on port 'mmult_hw/a_6' to 'ap_memory'.
INFO: [RTGEN 206-500] Setting interface mode on port 'mmult_hw/a_7' to 'ap_memory'.
INFO: [RTGEN 206-500] Setting interface mode on port 'mmult_hw/a_8' to 'ap_memory'.
INFO: [RTGEN 206-500] Setting interface mode on port 'mmult_hw/a_9' to 'ap_memory'.
INFO: [RTGEN 206-500] Setting interface mode on port 'mmult_hw/a_10' to 'ap_memory'.
INFO: [RTGEN 206-500] Setting interface mode on port 'mmult_hw/a_11' to 'ap_memory'.
INFO: [RTGEN 206-500] Setting interface mode on port 'mmult_hw/a_12' to 'ap_memory'.
INFO: [RTGEN 206-500] Setting interface mode on port 'mmult_hw/a_13' to 'ap_memory'.
INFO: [RTGEN 206-500] Setting interface mode on port 'mmult_hw/a_14' to 'ap_memory'.
INFO: [RTGEN 206-500] Setting interface mode on port 'mmult_hw/a_15' to 'ap_memory'.
INFO: [RTGEN 206-500] Setting interface mode on port 'mmult_hw/a_16' to 'ap_memory'.
INFO: [RTGEN 206-500] Setting interface mode on port 'mmult_hw/a_17' to 'ap_memory'.
INFO: [RTGEN 206-500] Setting interface mode on port 'mmult_hw/a_18' to 'ap_memory'.
INFO: [RTGEN 206-500] Setting interface mode on port 'mmult_hw/a_19' to 'ap_memory'.
INFO: [RTGEN 206-500] Setting interface mode on port 'mmult_hw/a_20' to 'ap_memory'.
INFO: [RTGEN 206-500] Setting interface mode on port 'mmult_hw/a_21' to 'ap_memory'.
INFO: [RTGEN 206-500] Setting interface mode on port 'mmult_hw/a_22' to 'ap_memory'.
INFO: [RTGEN 206-500] Setting interface mode on port 'mmult_hw/a_23' to 'ap_memory'.
INFO: [RTGEN 206-500] Setting interface mode on port 'mmult_hw/a_24' to 'ap_memory'.
INFO: [RTGEN 206-500] Setting interface mode on port 'mmult_hw/a_25' to 'ap_memory'.
INFO: [RTGEN 206-500] Setting interface mode on port 'mmult_hw/a_26' to 'ap_memory'.
INFO: [RTGEN 206-500] Setting interface mode on port 'mmult_hw/a_27' to 'ap_memory'.
INFO: [RTGEN 206-500] Setting interface mode on port 'mmult_hw/a_28' to 'ap_memory'.
INFO: [RTGEN 206-500] Setting interface mode on port 'mmult_hw/a_29' to 'ap_memory'.
INFO: [RTGEN 206-500] Setting interface mode on port 'mmult_hw/a_30' to 'ap_memory'.
INFO: [RTGEN 206-500] Setting interface mode on port 'mmult_hw/a_31' to 'ap_memory'.
INFO: [RTGEN 206-500] Setting interface mode on port 'mmult_hw/a_32' to 'ap_memory'.
INFO: [RTGEN 206-500] Setting interface mode on port 'mmult_hw/a_33' to 'ap_memory'.
INFO: [RTGEN 206-500] Setting interface mode on port 'mmult_hw/a_34' to 'ap_memory'.
INFO: [RTGEN 206-500] Setting interface mode on port 'mmult_hw/a_35' to 'ap_memory'.
INFO: [RTGEN 206-500] Setting interface mode on port 'mmult_hw/a_36' to 'ap_memory'.
INFO: [RTGEN 206-500] Setting interface mode on port 'mmult_hw/a_37' to 'ap_memory'.
INFO: [RTGEN 206-500] Setting interface mode on port 'mmult_hw/a_38' to 'ap_memory'.
INFO: [RTGEN 206-500] Setting interface mode on port 'mmult_hw/a_39' to 'ap_memory'.
INFO: [RTGEN 206-500] Setting interface mode on port 'mmult_hw/a_40' to 'ap_memory'.
INFO: [RTGEN 206-500] Setting interface mode on port 'mmult_hw/a_41' to 'ap_memory'.
INFO: [RTGEN 206-500] Setting interface mode on port 'mmult_hw/a_42' to 'ap_memory'.
INFO: [RTGEN 206-500] Setting interface mode on port 'mmult_hw/a_43' to 'ap_memory'.
INFO: [RTGEN 206-500] Setting interface mode on port 'mmult_hw/a_44' to 'ap_memory'.
INFO: [RTGEN 206-500] Setting interface mode on port 'mmult_hw/a_45' to 'ap_memory'.
INFO: [RTGEN 206-500] Setting interface mode on port 'mmult_hw/a_46' to 'ap_memory'.
INFO: [RTGEN 206-500] Setting interface mode on port 'mmult_hw/a_47' to 'ap_memory'.
INFO: [RTGEN 206-500] Setting interface mode on port 'mmult_hw/a_48' to 'ap_memory'.
INFO: [RTGEN 206-500] Setting interface mode on port 'mmult_hw/a_49' to 'ap_memory'.
INFO: [RTGEN 206-500] Setting interface mode on port 'mmult_hw/b_0' to 'ap_memory'.
INFO: [RTGEN 206-500] Setting interface mode on port 'mmult_hw/b_1' to 'ap_memory'.
INFO: [RTGEN 206-500] Setting interface mode on port 'mmult_hw/b_2' to 'ap_memory'.
INFO: [RTGEN 206-500] Setting interface mode on port 'mmult_hw/b_3' to 'ap_memory'.
INFO: [RTGEN 206-500] Setting interface mode on port 'mmult_hw/b_4' to 'ap_memory'.
INFO: [RTGEN 206-500] Setting interface mode on port 'mmult_hw/b_5' to 'ap_memory'.
INFO: [RTGEN 206-500] Setting interface mode on port 'mmult_hw/b_6' to 'ap_memory'.
INFO: [RTGEN 206-500] Setting interface mode on port 'mmult_hw/b_7' to 'ap_memory'.
INFO: [RTGEN 206-500] Setting interface mode on port 'mmult_hw/b_8' to 'ap_memory'.
INFO: [RTGEN 206-500] Setting interface mode on port 'mmult_hw/b_9' to 'ap_memory'.
INFO: [RTGEN 206-500] Setting interface mode on port 'mmult_hw/b_10' to 'ap_memory'.
INFO: [RTGEN 206-500] Setting interface mode on port 'mmult_hw/b_11' to 'ap_memory'.
INFO: [RTGEN 206-500] Setting interface mode on port 'mmult_hw/b_12' to 'ap_memory'.
INFO: [RTGEN 206-500] Setting interface mode on port 'mmult_hw/b_13' to 'ap_memory'.
INFO: [RTGEN 206-500] Setting interface mode on port 'mmult_hw/b_14' to 'ap_memory'.
INFO: [RTGEN 206-500] Setting interface mode on port 'mmult_hw/b_15' to 'ap_memory'.
INFO: [RTGEN 206-500] Setting interface mode on port 'mmult_hw/b_16' to 'ap_memory'.
INFO: [RTGEN 206-500] Setting interface mode on port 'mmult_hw/b_17' to 'ap_memory'.
INFO: [RTGEN 206-500] Setting interface mode on port 'mmult_hw/b_18' to 'ap_memory'.
INFO: [RTGEN 206-500] Setting interface mode on port 'mmult_hw/b_19' to 'ap_memory'.
INFO: [RTGEN 206-500] Setting interface mode on port 'mmult_hw/b_20' to 'ap_memory'.
INFO: [RTGEN 206-500] Setting interface mode on port 'mmult_hw/b_21' to 'ap_memory'.
INFO: [RTGEN 206-500] Setting interface mode on port 'mmult_hw/b_22' to 'ap_memory'.
INFO: [RTGEN 206-500] Setting interface mode on port 'mmult_hw/b_23' to 'ap_memory'.
INFO: [RTGEN 206-500] Setting interface mode on port 'mmult_hw/b_24' to 'ap_memory'.
INFO: [RTGEN 206-500] Setting interface mode on port 'mmult_hw/b_25' to 'ap_memory'.
INFO: [RTGEN 206-500] Setting interface mode on port 'mmult_hw/b_26' to 'ap_memory'.
INFO: [RTGEN 206-500] Setting interface mode on port 'mmult_hw/b_27' to 'ap_memory'.
INFO: [RTGEN 206-500] Setting interface mode on port 'mmult_hw/b_28' to 'ap_memory'.
INFO: [RTGEN 206-500] Setting interface mode on port 'mmult_hw/b_29' to 'ap_memory'.
INFO: [RTGEN 206-500] Setting interface mode on port 'mmult_hw/b_30' to 'ap_memory'.
INFO: [RTGEN 206-500] Setting interface mode on port 'mmult_hw/b_31' to 'ap_memory'.
INFO: [RTGEN 206-500] Setting interface mode on port 'mmult_hw/b_32' to 'ap_memory'.
INFO: [RTGEN 206-500] Setting interface mode on port 'mmult_hw/b_33' to 'ap_memory'.
INFO: [RTGEN 206-500] Setting interface mode on port 'mmult_hw/b_34' to 'ap_memory'.
INFO: [RTGEN 206-500] Setting interface mode on port 'mmult_hw/b_35' to 'ap_memory'.
INFO: [RTGEN 206-500] Setting interface mode on port 'mmult_hw/b_36' to 'ap_memory'.
INFO: [RTGEN 206-500] Setting interface mode on port 'mmult_hw/b_37' to 'ap_memory'.
INFO: [RTGEN 206-500] Setting interface mode on port 'mmult_hw/b_38' to 'ap_memory'.
INFO: [RTGEN 206-500] Setting interface mode on port 'mmult_hw/b_39' to 'ap_memory'.
INFO: [RTGEN 206-500] Setting interface mode on port 'mmult_hw/b_40' to 'ap_memory'.
INFO: [RTGEN 206-500] Setting interface mode on port 'mmult_hw/b_41' to 'ap_memory'.
INFO: [RTGEN 206-500] Setting interface mode on port 'mmult_hw/b_42' to 'ap_memory'.
INFO: [RTGEN 206-500] Setting interface mode on port 'mmult_hw/b_43' to 'ap_memory'.
INFO: [RTGEN 206-500] Setting interface mode on port 'mmult_hw/b_44' to 'ap_memory'.
INFO: [RTGEN 206-500] Setting interface mode on port 'mmult_hw/b_45' to 'ap_memory'.
INFO: [RTGEN 206-500] Setting interface mode on port 'mmult_hw/b_46' to 'ap_memory'.
INFO: [RTGEN 206-500] Setting interface mode on port 'mmult_hw/b_47' to 'ap_memory'.
INFO: [RTGEN 206-500] Setting interface mode on port 'mmult_hw/b_48' to 'ap_memory'.
INFO: [RTGEN 206-500] Setting interface mode on port 'mmult_hw/b_49' to 'ap_memory'.
INFO: [RTGEN 206-500] Setting interface mode on port 'mmult_hw/out_r' to 'ap_memory'.
INFO: [RTGEN 206-500] Setting interface mode on function 'mmult_hw' to 'ap_ctrl_hs'.
INFO: [SYN 201-210] Renamed object name 'mmult_hw_mac_muladd_6ns_7ns_6ns_12_1_1' to 'mmult_hw_mac_mulabkb' due to the length limit 20
INFO: [RTGEN 206-100] Generating core module 'mmult_hw_mac_mulabkb': 1 instance(s).
INFO: [RTGEN 206-100] Finished creating RTL model for 'mmult_hw'.
INFO: [HLS 200-111]  Elapsed time: 2.418 seconds; current allocated memory: 84.840 MB.
INFO: [HLS 200-111] Finished generating all RTL models Time (s): cpu = 00:00:15 ; elapsed = 00:00:42 . Memory (MB): peak = 153.613 ; gain = 68.961
INFO: [SYSC 207-301] Generating SystemC RTL for mmult_hw.
INFO: [VHDL 208-304] Generating VHDL RTL for mmult_hw.
INFO: [VLOG 209-307] Generating Verilog RTL for mmult_hw.
INFO: [HLS 200-112] Total elapsed time: 42.279 seconds; peak allocated memory: 84.840 MB.
==============================================================
File generated on Sat Apr 09 11:37:56 -0400 2022
Vivado(TM) HLS - High-Level Synthesis from C, C++ and SystemC v2018.3 (64-bit)
SW Build 2405991 on Thu Dec  6 23:38:27 MST 2018
IP Build 2404404 on Fri Dec  7 01:43:56 MST 2018
Copyright 1986-2018 Xilinx, Inc. All Rights Reserved.
==============================================================
INFO: [SYN 201-201] Setting up clock 'default' with a period of 10ns.
INFO: [HLS 200-10] Setting target device to 'xc7z020clg484-1'
INFO: [SCHED 204-61] Option 'relax_ii_for_timing' is enabled, will increase II to preserve clock frequency constraints.
INFO: [HLS 200-10] Analyzing design file 'mmult_accel.cpp' ... 
INFO: [HLS 200-111] Finished Linking Time (s): cpu = 00:00:01 ; elapsed = 00:00:15 . Memory (MB): peak = 103.355 ; gain = 18.805
INFO: [HLS 200-111] Finished Checking Pragmas Time (s): cpu = 00:00:01 ; elapsed = 00:00:15 . Memory (MB): peak = 103.355 ; gain = 18.805
INFO: [HLS 200-10] Starting code transformations ...
INFO: [HLS 200-111] Finished Standard Transforms Time (s): cpu = 00:00:01 ; elapsed = 00:00:16 . Memory (MB): peak = 104.258 ; gain = 19.707
INFO: [HLS 200-10] Checking synthesizability ...
INFO: [HLS 200-111] Finished Checking Synthesizability Time (s): cpu = 00:00:01 ; elapsed = 00:00:16 . Memory (MB): peak = 104.512 ; gain = 19.961
INFO: [XFORM 203-502] Unrolling all sub-loops inside loop 'L2' (mmult_accel.cpp:15) in function 'mmult_hw' for pipelining.
INFO: [HLS 200-489] Unrolling loop 'L3' (mmult_accel.cpp:19) in function 'mmult_hw' completely with a factor of 73.
INFO: [XFORM 203-101] Partitioning array 'a' (mmult_accel.cpp:10) in dimension 2 completely.
INFO: [XFORM 203-101] Partitioning array 'b' (mmult_accel.cpp:10) in dimension 1 completely.
INFO: [XFORM 203-11] Balancing expressions in function 'mmult_hw' (mmult_accel.cpp:10)...72 expression(s) balanced.
INFO: [HLS 200-111] Finished Pre-synthesis Time (s): cpu = 00:00:02 ; elapsed = 00:00:17 . Memory (MB): peak = 129.711 ; gain = 45.160
INFO: [XFORM 203-541] Flattening a loop nest 'L1' (mmult_accel.cpp:14:3) in function 'mmult_hw'.
INFO: [HLS 200-111] Finished Architecture Synthesis Time (s): cpu = 00:00:03 ; elapsed = 00:00:17 . Memory (MB): peak = 129.848 ; gain = 45.297
INFO: [HLS 200-10] Starting hardware synthesis ...
INFO: [HLS 200-10] Synthesizing 'mmult_hw' ...
WARNING: [SYN 201-107] Renaming port name 'mmult_hw/out' to 'mmult_hw/out_r' to avoid the conflict with HDL keywords or other object names.
INFO: [HLS 200-10] ----------------------------------------------------------------
INFO: [HLS 200-42] -- Implementing module 'mmult_hw' 
INFO: [HLS 200-10] ----------------------------------------------------------------
INFO: [SCHED 204-11] Starting scheduling ...
INFO: [SCHED 204-61] Pipelining loop 'L1_L2'.
INFO: [SCHED 204-61] Pipelining result : Target II = 1, Final II = 1, Depth = 7.
WARNING: [SCHED 204-21] Estimated clock period (9.634ns) exceeds the target (target clock period: 10ns, clock uncertainty: 1.25ns, effective delay budget: 8.75ns).
WARNING: [SCHED 204-21] The critical path in module 'mmult_hw' consists of the following:
	'mul' operation of DSP[319] ('tmp', mmult_accel.cpp:20) [313]  (3.36 ns)
	'add' operation of DSP[319] ('tmp_1', mmult_accel.cpp:20) [319]  (3.02 ns)
	'getelementptr' operation ('out_addr', mmult_accel.cpp:20) [321]  (0 ns)
	'store' operation (mmult_accel.cpp:20) of variable 'sum_1_s', mmult_accel.cpp:19 on array 'out_r' [759]  (3.25 ns)
INFO: [SCHED 204-11] Finished scheduling.
INFO: [HLS 200-111]  Elapsed time: 18.46 seconds; current allocated memory: 82.993 MB.
INFO: [BIND 205-100] Starting micro-architecture generation ...
INFO: [BIND 205-101] Performing variable lifetime analysis.
INFO: [BIND 205-101] Exploring resource sharing.
INFO: [BIND 205-101] Binding ...
INFO: [BIND 205-100] Finished micro-architecture generation.
INFO: [HLS 200-111]  Elapsed time: 0.945 seconds; current allocated memory: 85.118 MB.
INFO: [HLS 200-10] ----------------------------------------------------------------
INFO: [HLS 200-10] -- Generating RTL for module 'mmult_hw' 
INFO: [HLS 200-10] ----------------------------------------------------------------
INFO: [RTGEN 206-500] Setting interface mode on port 'mmult_hw/a_0' to 'ap_memory'.
INFO: [RTGEN 206-500] Setting interface mode on port 'mmult_hw/a_1' to 'ap_memory'.
INFO: [RTGEN 206-500] Setting interface mode on port 'mmult_hw/a_2' to 'ap_memory'.
INFO: [RTGEN 206-500] Setting interface mode on port 'mmult_hw/a_3' to 'ap_memory'.
INFO: [RTGEN 206-500] Setting interface mode on port 'mmult_hw/a_4' to 'ap_memory'.
INFO: [RTGEN 206-500] Setting interface mode on port 'mmult_hw/a_5' to 'ap_memory'.
INFO: [RTGEN 206-500] Setting interface mode on port 'mmult_hw/a_6' to 'ap_memory'.
INFO: [RTGEN 206-500] Setting interface mode on port 'mmult_hw/a_7' to 'ap_memory'.
INFO: [RTGEN 206-500] Setting interface mode on port 'mmult_hw/a_8' to 'ap_memory'.
INFO: [RTGEN 206-500] Setting interface mode on port 'mmult_hw/a_9' to 'ap_memory'.
INFO: [RTGEN 206-500] Setting interface mode on port 'mmult_hw/a_10' to 'ap_memory'.
INFO: [RTGEN 206-500] Setting interface mode on port 'mmult_hw/a_11' to 'ap_memory'.
INFO: [RTGEN 206-500] Setting interface mode on port 'mmult_hw/a_12' to 'ap_memory'.
INFO: [RTGEN 206-500] Setting interface mode on port 'mmult_hw/a_13' to 'ap_memory'.
INFO: [RTGEN 206-500] Setting interface mode on port 'mmult_hw/a_14' to 'ap_memory'.
INFO: [RTGEN 206-500] Setting interface mode on port 'mmult_hw/a_15' to 'ap_memory'.
INFO: [RTGEN 206-500] Setting interface mode on port 'mmult_hw/a_16' to 'ap_memory'.
INFO: [RTGEN 206-500] Setting interface mode on port 'mmult_hw/a_17' to 'ap_memory'.
INFO: [RTGEN 206-500] Setting interface mode on port 'mmult_hw/a_18' to 'ap_memory'.
INFO: [RTGEN 206-500] Setting interface mode on port 'mmult_hw/a_19' to 'ap_memory'.
INFO: [RTGEN 206-500] Setting interface mode on port 'mmult_hw/a_20' to 'ap_memory'.
INFO: [RTGEN 206-500] Setting interface mode on port 'mmult_hw/a_21' to 'ap_memory'.
INFO: [RTGEN 206-500] Setting interface mode on port 'mmult_hw/a_22' to 'ap_memory'.
INFO: [RTGEN 206-500] Setting interface mode on port 'mmult_hw/a_23' to 'ap_memory'.
INFO: [RTGEN 206-500] Setting interface mode on port 'mmult_hw/a_24' to 'ap_memory'.
INFO: [RTGEN 206-500] Setting interface mode on port 'mmult_hw/a_25' to 'ap_memory'.
INFO: [RTGEN 206-500] Setting interface mode on port 'mmult_hw/a_26' to 'ap_memory'.
INFO: [RTGEN 206-500] Setting interface mode on port 'mmult_hw/a_27' to 'ap_memory'.
INFO: [RTGEN 206-500] Setting interface mode on port 'mmult_hw/a_28' to 'ap_memory'.
INFO: [RTGEN 206-500] Setting interface mode on port 'mmult_hw/a_29' to 'ap_memory'.
INFO: [RTGEN 206-500] Setting interface mode on port 'mmult_hw/a_30' to 'ap_memory'.
INFO: [RTGEN 206-500] Setting interface mode on port 'mmult_hw/a_31' to 'ap_memory'.
INFO: [RTGEN 206-500] Setting interface mode on port 'mmult_hw/a_32' to 'ap_memory'.
INFO: [RTGEN 206-500] Setting interface mode on port 'mmult_hw/a_33' to 'ap_memory'.
INFO: [RTGEN 206-500] Setting interface mode on port 'mmult_hw/a_34' to 'ap_memory'.
INFO: [RTGEN 206-500] Setting interface mode on port 'mmult_hw/a_35' to 'ap_memory'.
INFO: [RTGEN 206-500] Setting interface mode on port 'mmult_hw/a_36' to 'ap_memory'.
INFO: [RTGEN 206-500] Setting interface mode on port 'mmult_hw/a_37' to 'ap_memory'.
INFO: [RTGEN 206-500] Setting interface mode on port 'mmult_hw/a_38' to 'ap_memory'.
INFO: [RTGEN 206-500] Setting interface mode on port 'mmult_hw/a_39' to 'ap_memory'.
INFO: [RTGEN 206-500] Setting interface mode on port 'mmult_hw/a_40' to 'ap_memory'.
INFO: [RTGEN 206-500] Setting interface mode on port 'mmult_hw/a_41' to 'ap_memory'.
INFO: [RTGEN 206-500] Setting interface mode on port 'mmult_hw/a_42' to 'ap_memory'.
INFO: [RTGEN 206-500] Setting interface mode on port 'mmult_hw/a_43' to 'ap_memory'.
INFO: [RTGEN 206-500] Setting interface mode on port 'mmult_hw/a_44' to 'ap_memory'.
INFO: [RTGEN 206-500] Setting interface mode on port 'mmult_hw/a_45' to 'ap_memory'.
INFO: [RTGEN 206-500] Setting interface mode on port 'mmult_hw/a_46' to 'ap_memory'.
INFO: [RTGEN 206-500] Setting interface mode on port 'mmult_hw/a_47' to 'ap_memory'.
INFO: [RTGEN 206-500] Setting interface mode on port 'mmult_hw/a_48' to 'ap_memory'.
INFO: [RTGEN 206-500] Setting interface mode on port 'mmult_hw/a_49' to 'ap_memory'.
INFO: [RTGEN 206-500] Setting interface mode on port 'mmult_hw/a_50' to 'ap_memory'.
INFO: [RTGEN 206-500] Setting interface mode on port 'mmult_hw/a_51' to 'ap_memory'.
INFO: [RTGEN 206-500] Setting interface mode on port 'mmult_hw/a_52' to 'ap_memory'.
INFO: [RTGEN 206-500] Setting interface mode on port 'mmult_hw/a_53' to 'ap_memory'.
INFO: [RTGEN 206-500] Setting interface mode on port 'mmult_hw/a_54' to 'ap_memory'.
INFO: [RTGEN 206-500] Setting interface mode on port 'mmult_hw/a_55' to 'ap_memory'.
INFO: [RTGEN 206-500] Setting interface mode on port 'mmult_hw/a_56' to 'ap_memory'.
INFO: [RTGEN 206-500] Setting interface mode on port 'mmult_hw/a_57' to 'ap_memory'.
INFO: [RTGEN 206-500] Setting interface mode on port 'mmult_hw/a_58' to 'ap_memory'.
INFO: [RTGEN 206-500] Setting interface mode on port 'mmult_hw/a_59' to 'ap_memory'.
INFO: [RTGEN 206-500] Setting interface mode on port 'mmult_hw/a_60' to 'ap_memory'.
INFO: [RTGEN 206-500] Setting interface mode on port 'mmult_hw/a_61' to 'ap_memory'.
INFO: [RTGEN 206-500] Setting interface mode on port 'mmult_hw/a_62' to 'ap_memory'.
INFO: [RTGEN 206-500] Setting interface mode on port 'mmult_hw/a_63' to 'ap_memory'.
INFO: [RTGEN 206-500] Setting interface mode on port 'mmult_hw/a_64' to 'ap_memory'.
INFO: [RTGEN 206-500] Setting interface mode on port 'mmult_hw/a_65' to 'ap_memory'.
INFO: [RTGEN 206-500] Setting interface mode on port 'mmult_hw/a_66' to 'ap_memory'.
INFO: [RTGEN 206-500] Setting interface mode on port 'mmult_hw/a_67' to 'ap_memory'.
INFO: [RTGEN 206-500] Setting interface mode on port 'mmult_hw/a_68' to 'ap_memory'.
INFO: [RTGEN 206-500] Setting interface mode on port 'mmult_hw/a_69' to 'ap_memory'.
INFO: [RTGEN 206-500] Setting interface mode on port 'mmult_hw/a_70' to 'ap_memory'.
INFO: [RTGEN 206-500] Setting interface mode on port 'mmult_hw/a_71' to 'ap_memory'.
INFO: [RTGEN 206-500] Setting interface mode on port 'mmult_hw/a_72' to 'ap_memory'.
INFO: [RTGEN 206-500] Setting interface mode on port 'mmult_hw/b_0' to 'ap_memory'.
INFO: [RTGEN 206-500] Setting interface mode on port 'mmult_hw/b_1' to 'ap_memory'.
INFO: [RTGEN 206-500] Setting interface mode on port 'mmult_hw/b_2' to 'ap_memory'.
INFO: [RTGEN 206-500] Setting interface mode on port 'mmult_hw/b_3' to 'ap_memory'.
INFO: [RTGEN 206-500] Setting interface mode on port 'mmult_hw/b_4' to 'ap_memory'.
INFO: [RTGEN 206-500] Setting interface mode on port 'mmult_hw/b_5' to 'ap_memory'.
INFO: [RTGEN 206-500] Setting interface mode on port 'mmult_hw/b_6' to 'ap_memory'.
INFO: [RTGEN 206-500] Setting interface mode on port 'mmult_hw/b_7' to 'ap_memory'.
INFO: [RTGEN 206-500] Setting interface mode on port 'mmult_hw/b_8' to 'ap_memory'.
INFO: [RTGEN 206-500] Setting interface mode on port 'mmult_hw/b_9' to 'ap_memory'.
INFO: [RTGEN 206-500] Setting interface mode on port 'mmult_hw/b_10' to 'ap_memory'.
INFO: [RTGEN 206-500] Setting interface mode on port 'mmult_hw/b_11' to 'ap_memory'.
INFO: [RTGEN 206-500] Setting interface mode on port 'mmult_hw/b_12' to 'ap_memory'.
INFO: [RTGEN 206-500] Setting interface mode on port 'mmult_hw/b_13' to 'ap_memory'.
INFO: [RTGEN 206-500] Setting interface mode on port 'mmult_hw/b_14' to 'ap_memory'.
INFO: [RTGEN 206-500] Setting interface mode on port 'mmult_hw/b_15' to 'ap_memory'.
INFO: [RTGEN 206-500] Setting interface mode on port 'mmult_hw/b_16' to 'ap_memory'.
INFO: [RTGEN 206-500] Setting interface mode on port 'mmult_hw/b_17' to 'ap_memory'.
INFO: [RTGEN 206-500] Setting interface mode on port 'mmult_hw/b_18' to 'ap_memory'.
INFO: [RTGEN 206-500] Setting interface mode on port 'mmult_hw/b_19' to 'ap_memory'.
INFO: [RTGEN 206-500] Setting interface mode on port 'mmult_hw/b_20' to 'ap_memory'.
INFO: [RTGEN 206-500] Setting interface mode on port 'mmult_hw/b_21' to 'ap_memory'.
INFO: [RTGEN 206-500] Setting interface mode on port 'mmult_hw/b_22' to 'ap_memory'.
INFO: [RTGEN 206-500] Setting interface mode on port 'mmult_hw/b_23' to 'ap_memory'.
INFO: [RTGEN 206-500] Setting interface mode on port 'mmult_hw/b_24' to 'ap_memory'.
INFO: [RTGEN 206-500] Setting interface mode on port 'mmult_hw/b_25' to 'ap_memory'.
INFO: [RTGEN 206-500] Setting interface mode on port 'mmult_hw/b_26' to 'ap_memory'.
INFO: [RTGEN 206-500] Setting interface mode on port 'mmult_hw/b_27' to 'ap_memory'.
INFO: [RTGEN 206-500] Setting interface mode on port 'mmult_hw/b_28' to 'ap_memory'.
INFO: [RTGEN 206-500] Setting interface mode on port 'mmult_hw/b_29' to 'ap_memory'.
INFO: [RTGEN 206-500] Setting interface mode on port 'mmult_hw/b_30' to 'ap_memory'.
INFO: [RTGEN 206-500] Setting interface mode on port 'mmult_hw/b_31' to 'ap_memory'.
INFO: [RTGEN 206-500] Setting interface mode on port 'mmult_hw/b_32' to 'ap_memory'.
INFO: [RTGEN 206-500] Setting interface mode on port 'mmult_hw/b_33' to 'ap_memory'.
INFO: [RTGEN 206-500] Setting interface mode on port 'mmult_hw/b_34' to 'ap_memory'.
INFO: [RTGEN 206-500] Setting interface mode on port 'mmult_hw/b_35' to 'ap_memory'.
INFO: [RTGEN 206-500] Setting interface mode on port 'mmult_hw/b_36' to 'ap_memory'.
INFO: [RTGEN 206-500] Setting interface mode on port 'mmult_hw/b_37' to 'ap_memory'.
INFO: [RTGEN 206-500] Setting interface mode on port 'mmult_hw/b_38' to 'ap_memory'.
INFO: [RTGEN 206-500] Setting interface mode on port 'mmult_hw/b_39' to 'ap_memory'.
INFO: [RTGEN 206-500] Setting interface mode on port 'mmult_hw/b_40' to 'ap_memory'.
INFO: [RTGEN 206-500] Setting interface mode on port 'mmult_hw/b_41' to 'ap_memory'.
INFO: [RTGEN 206-500] Setting interface mode on port 'mmult_hw/b_42' to 'ap_memory'.
INFO: [RTGEN 206-500] Setting interface mode on port 'mmult_hw/b_43' to 'ap_memory'.
INFO: [RTGEN 206-500] Setting interface mode on port 'mmult_hw/b_44' to 'ap_memory'.
INFO: [RTGEN 206-500] Setting interface mode on port 'mmult_hw/b_45' to 'ap_memory'.
INFO: [RTGEN 206-500] Setting interface mode on port 'mmult_hw/b_46' to 'ap_memory'.
INFO: [RTGEN 206-500] Setting interface mode on port 'mmult_hw/b_47' to 'ap_memory'.
INFO: [RTGEN 206-500] Setting interface mode on port 'mmult_hw/b_48' to 'ap_memory'.
INFO: [RTGEN 206-500] Setting interface mode on port 'mmult_hw/b_49' to 'ap_memory'.
INFO: [RTGEN 206-500] Setting interface mode on port 'mmult_hw/b_50' to 'ap_memory'.
INFO: [RTGEN 206-500] Setting interface mode on port 'mmult_hw/b_51' to 'ap_memory'.
INFO: [RTGEN 206-500] Setting interface mode on port 'mmult_hw/b_52' to 'ap_memory'.
INFO: [RTGEN 206-500] Setting interface mode on port 'mmult_hw/b_53' to 'ap_memory'.
INFO: [RTGEN 206-500] Setting interface mode on port 'mmult_hw/b_54' to 'ap_memory'.
INFO: [RTGEN 206-500] Setting interface mode on port 'mmult_hw/b_55' to 'ap_memory'.
INFO: [RTGEN 206-500] Setting interface mode on port 'mmult_hw/b_56' to 'ap_memory'.
INFO: [RTGEN 206-500] Setting interface mode on port 'mmult_hw/b_57' to 'ap_memory'.
INFO: [RTGEN 206-500] Setting interface mode on port 'mmult_hw/b_58' to 'ap_memory'.
INFO: [RTGEN 206-500] Setting interface mode on port 'mmult_hw/b_59' to 'ap_memory'.
INFO: [RTGEN 206-500] Setting interface mode on port 'mmult_hw/b_60' to 'ap_memory'.
INFO: [RTGEN 206-500] Setting interface mode on port 'mmult_hw/b_61' to 'ap_memory'.
INFO: [RTGEN 206-500] Setting interface mode on port 'mmult_hw/b_62' to 'ap_memory'.
INFO: [RTGEN 206-500] Setting interface mode on port 'mmult_hw/b_63' to 'ap_memory'.
INFO: [RTGEN 206-500] Setting interface mode on port 'mmult_hw/b_64' to 'ap_memory'.
INFO: [RTGEN 206-500] Setting interface mode on port 'mmult_hw/b_65' to 'ap_memory'.
INFO: [RTGEN 206-500] Setting interface mode on port 'mmult_hw/b_66' to 'ap_memory'.
INFO: [RTGEN 206-500] Setting interface mode on port 'mmult_hw/b_67' to 'ap_memory'.
INFO: [RTGEN 206-500] Setting interface mode on port 'mmult_hw/b_68' to 'ap_memory'.
INFO: [RTGEN 206-500] Setting interface mode on port 'mmult_hw/b_69' to 'ap_memory'.
INFO: [RTGEN 206-500] Setting interface mode on port 'mmult_hw/b_70' to 'ap_memory'.
INFO: [RTGEN 206-500] Setting interface mode on port 'mmult_hw/b_71' to 'ap_memory'.
INFO: [RTGEN 206-500] Setting interface mode on port 'mmult_hw/b_72' to 'ap_memory'.
INFO: [RTGEN 206-500] Setting interface mode on port 'mmult_hw/out_r' to 'ap_memory'.
INFO: [RTGEN 206-500] Setting interface mode on function 'mmult_hw' to 'ap_ctrl_hs'.
INFO: [SYN 201-210] Renamed object name 'mmult_hw_mac_muladd_7ns_8ns_7ns_14_1_1' to 'mmult_hw_mac_mulabkb' due to the length limit 20
INFO: [RTGEN 206-100] Generating core module 'mmult_hw_mac_mulabkb': 1 instance(s).
INFO: [RTGEN 206-100] Finished creating RTL model for 'mmult_hw'.
INFO: [HLS 200-111]  Elapsed time: 3.018 seconds; current allocated memory: 88.203 MB.
INFO: [HLS 200-111] Finished generating all RTL models Time (s): cpu = 00:00:18 ; elapsed = 00:00:46 . Memory (MB): peak = 166.477 ; gain = 81.926
INFO: [SYSC 207-301] Generating SystemC RTL for mmult_hw.
INFO: [VHDL 208-304] Generating VHDL RTL for mmult_hw.
INFO: [VLOG 209-307] Generating Verilog RTL for mmult_hw.
INFO: [HLS 200-112] Total elapsed time: 45.711 seconds; peak allocated memory: 88.203 MB.
